My SLURM_ARRAY_TASK_ID:  2
My SLURM_ARRAY_JOB_ID:  7663696
result file is 7663696_2_10
[1] "here"
[1] "Dim of data D = 100, 955"
[1] "Dim of data A = 955, 10"
[1] 100 955  10
[1] "Start VH"
[1] "here it is 1"
[1] "Length set is 0 and dim(Y)[1]=955"
[1] "here it is 2"
[1] "Length set is 1 and dim(Y)[1]=955"
[1] "yoho"
[1] "here it is 3"
[1] "Length set is 2 and dim(Y)[1]=953"
[1] "yoho"
[1] "here it is 4"
[1] "Length set is 3 and dim(Y)[1]=952"
[1] "yoho"
[1] "here it is 5"
[1] "Length set is 4 and dim(Y)[1]=951"
[1] "yoho"
[1] "here it is 6"
[1] "Length set is 5 and dim(Y)[1]=949"
[1] "here it is 7"
[1] "Length set is 6 and dim(Y)[1]=949"
[1] "here it is 8"
[1] "Length set is 7 and dim(Y)[1]=949"
[1] "yoho"
[1] "here it is 9"
[1] "Length set is 8 and dim(Y)[1]=947"
[1] "here it is 10"
[1] "Length set is 9 and dim(Y)[1]=947"
[1] "Start Step 3"
[1] "Start estimation of W"
[1] 643.968
[1] 14.96991

                            < M A T L A B (R) >
                  Copyright 1984-2023 The MathWorks, Inc.
             R2023a Update 3 (9.14.0.2286388) 64-bit (glnxa64)
                                May 25, 2023

 
To get started, type doc.
For product information, visit www.mathworks.com.
 

No of documents read:100
Thresholding on A
Elapsed time is 0.164302 seconds.
Computing SVD Projection
Elapsed time is 1.026625 seconds.
Performing k-means on columns of B_k
Elapsed time is 0.673625 seconds.
Performing Lloyds on B with centers from B_k clustering
Elapsed time is 0.026148 seconds.
Error occurred while running TSVD: cannot open the connection 
identifying candidate anchors
[50 48 47 49 49 45 49 49 48 48 48 50 49 50 48 49 50 46 47 49 48 48 50 47
 49 49 48 47 45 46 48 49 49 49 47 48 50 48 49 48 50 48 49 49 48 50 49 48
 49 48 49 48 47 48 47 47 48 49 48 49 49 49 44 47 49 45 50 47 47 48 50 45
 49 48 46 47 50 49 49 48 49 49 48 49 46 49 48 49 50 50 48 47 49 49 50 48
 49 49 48 48]
1
1
1
1
1
1
1
1
1
1
1
1
1
1
1
1
1
1
1
1
1
1
1
1
1
1
1
1
1
1
1
1
1
1
1
1
1
1
1
1
1
1
1
1
1
1
1
1
1
1
1
1
1
1
1
1
1
1
1
1
1
1
1
1
1
1
1
1
1
1
1
1
1
1
1
1
1
1
1
1
1
1
1
1
1
1
1
1
1
1
1
1
1
1
1
1
1
1
1
1
1
1
1
1
1
1
1
1
1
1
1
1
1
1
1
1
1
1
1
1
1
1
1
1
1
1
1
1
1
1
1
1
1
1
1
1
1
1
1
1
1
1
1
1
1
1
1
1
1
1
1
1
1
1
1
1
1
1
1
1
1
1
1
1
1
1
1
1
1
1
1
1
1
1
1
1
1
1
1
1
1
1
1
1
1
1
1
1
1
1
1
1
1
1
1
1
1
1
1
1
1
1
1
1
1
1
1
1
1
1
1
1
1
1
1
1
1
1
1
1
1
1
1
1
1
1
1
1
1
1
1
1
1
1
1
1
1
1
1
1
1
1
1
1
1
1
1
1
1
1
1
1
1
1
1
1
1
1
1
1
1
1
1
1
1
1
1
1
1
1
1
1
1
1
1
1
1
1
1
1
1
1
1
1
1
1
1
1
1
1
1
1
1
1
1
1
1
1
1
1
1
1
1
1
1
1
1
1
1
1
1
1
1
1
1
1
1
1
1
1
1
1
1
1
1
1
1
1
1
1
1
1
1
1
1
1
1
1
1
1
1
1
1
1
1
1
1
1
1
1
1
1
1
1
1
1
1
1
1
1
1
1
1
1
1
1
1
1
1
1
1
1
1
1
1
1
1
1
1
1
1
1
1
1
1
1
1
1
1
1
1
1
1
1
1
1
1
1
1
1
1
1
1
1
1
1
1
1
1
1
1
1
1
1
1
1
1
1
1
1
1
1
1
1
1
1
1
1
1
1
1
1
1
1
1
1
1
1
1
1
1
1
1
1
1
1
1
1
1
1
1
1
1
1
1
1
1
1
1
1
1
1
1
1
1
1
1
1
1
1
1
1
1
1
1
1
1
1
1
1
1
1
1
1
1
1
1
1
1
1
1
1
1
1
1
1
1
1
1
1
1
1
1
1
1
1
1
1
1
1
1
1
1
1
1
1
1
1
1
1
1
1
1
1
1
1
1
1
1
1
1
1
1
1
1
1
1
1
1
1
1
1
1
1
1
1
1
1
1
1
1
1
1
1
1
1
1
1
1
1
1
1
1
1
1
1
1
1
1
1
1
1
1
1
1
1
1
1
1
1
1
1
1
1
1
1
1
1
1
1
1
1
1
1
1
1
1
1
1
1
1
1
1
1
1
1
1
1
1
1
1
1
1
1
1
1
1
1
1
1
1
1
1
1
1
1
1
1
1
1
1
1
1
1
1
1
1
1
1
1
1
1
1
1
1
1
1
1
1
1
1
1
1
1
1
1
1
1
1
1
1
1
1
1
1
1
1
1
1
1
1
1
1
1
1
1
1
1
1
1
1
1
1
1
1
1
1
1
1
1
1
1
1
1
1
1
1
1
1
1
1
1
1
1
1
1
1
1
1
1
1
1
1
1
1
1
1
1
1
1
1
1
1
1
1
1
1
1
1
1
1
1
1
1
1
1
1
1
1
1
1
1
1
1
1
1
1
1
1
1
1
1
1
1
1
1
1
1
1
1
1
1
1
1
1
1
1
1
1
1
1
1
1
1
1
1
1
1
1
1
1
1
1
1
1
1
1
1
1
1
1
1
1
1
1
1
1
1
1
1
1
1
1
1
1
1
1
1
1
1
1
1
1
1
1
1
1
1
1
1
1
1
1
1
1
1
1
1
1
1
1
1
1
1
1
1
1
1
1
1
1
1
1
1
1
1
1
1
1
1
1
1
1
1
1
1
1
1
1
1
1
1
1
1
1
1
1
1
1
1
1
1
1
1
1
1
1
1
1
1
1
1
1
1
1
1
1
1
1
1
1
1
1
1
1
1
1
1
1
1
1
1
1
1
1
1
1
1
1
1
1
1
1
1
1
1
1
1
1
1
1
1
1
1
1
1
1
1
1
1
1
1
1
1
1
1
1
1
1
1
1
1
1
1
1
1
1
1
1
1
1
1
1
1
1
955 candidates
uiiii
here
Sum of entries in Q is  -0.020408163265306128
Multiplying Q took  0.016434192657470703 seconds
yeyye
Q sum is -0.020408163265306128
done reading documents
anchors are:
[0, 91]
[1, 261]
[2, 908]
[3, 888]
[4, 212]
[5, 112]
[6, 308]
[7, 340]
[8, 978]
[9, 322]
done recovering
[1] 100 955  10  50
[1] "Threshold: 0.00303485425877029"
[1] "0 words were thresholded (0%)"
[1] "955 words remain"
[1] "Start VH"
[1] "here it is 1"
[1] "Length set is 0 and dim(Y)[1]=955"
[1] "here it is 2"
[1] "Length set is 1 and dim(Y)[1]=955"
[1] "here it is 3"
[1] "Length set is 2 and dim(Y)[1]=955"
[1] "here it is 4"
[1] "Length set is 3 and dim(Y)[1]=955"
[1] "here it is 5"
[1] "Length set is 4 and dim(Y)[1]=955"
[1] "here it is 6"
[1] "Length set is 5 and dim(Y)[1]=955"
[1] "here it is 7"
[1] "Length set is 6 and dim(Y)[1]=955"
[1] "here it is 8"
[1] "Length set is 7 and dim(Y)[1]=955"
[1] "here it is 9"
[1] "Length set is 8 and dim(Y)[1]=955"
[1] "here it is 10"
[1] "Length set is 9 and dim(Y)[1]=955"
[1] "Start Step 3"
[1] "Start estimation of W"
[1] 111.8082
[1] 100 955  10  50
[1] "Threshold: 0.0151742712938515"
[1] "82 words were thresholded (8.58638743455497%)"
[1] "873 words remain"
[1] "Start VH"
[1] "here it is 1"
[1] "Length set is 0 and dim(Y)[1]=873"
[1] "here it is 2"
[1] "Length set is 1 and dim(Y)[1]=873"
[1] "here it is 3"
[1] "Length set is 2 and dim(Y)[1]=873"
[1] "here it is 4"
[1] "Length set is 3 and dim(Y)[1]=873"
[1] "here it is 5"
[1] "Length set is 4 and dim(Y)[1]=873"
[1] "here it is 6"
[1] "Length set is 5 and dim(Y)[1]=873"
[1] "here it is 7"
[1] "Length set is 6 and dim(Y)[1]=873"
[1] "here it is 8"
[1] "Length set is 7 and dim(Y)[1]=873"
[1] "here it is 9"
[1] "Length set is 8 and dim(Y)[1]=873"
[1] "here it is 10"
[1] "Length set is 9 and dim(Y)[1]=873"
[1] "Start Step 3"
[1] "Start estimation of W"
[1] 111.8082
[1] 100 955  10  50
[1] "Threshold: 0.0303485425877029"
[1] "316 words were thresholded (33.0890052356021%)"
[1] "639 words remain"
[1] "Start VH"
[1] "here it is 1"
[1] "Length set is 0 and dim(Y)[1]=639"
[1] "here it is 2"
[1] "Length set is 1 and dim(Y)[1]=639"
[1] "here it is 3"
[1] "Length set is 2 and dim(Y)[1]=639"
[1] "here it is 4"
[1] "Length set is 3 and dim(Y)[1]=639"
[1] "here it is 5"
[1] "Length set is 4 and dim(Y)[1]=639"
[1] "here it is 6"
[1] "Length set is 5 and dim(Y)[1]=639"
[1] "here it is 7"
[1] "Length set is 6 and dim(Y)[1]=639"
[1] "here it is 8"
[1] "Length set is 7 and dim(Y)[1]=639"
[1] "here it is 9"
[1] "Length set is 8 and dim(Y)[1]=639"
[1] "here it is 10"
[1] "Length set is 9 and dim(Y)[1]=639"
[1] "Start Step 3"
[1] "Start estimation of W"
[1] 111.8082
[1] 100 955  10  50
[1] "Threshold: 0.0606970851754059"
[1] "671 words were thresholded (70.261780104712%)"
[1] "284 words remain"
[1] "Start VH"
[1] "here it is 1"
[1] "Length set is 0 and dim(Y)[1]=284"
[1] "here it is 2"
[1] "Length set is 1 and dim(Y)[1]=284"
[1] "here it is 3"
[1] "Length set is 2 and dim(Y)[1]=284"
[1] "here it is 4"
[1] "Length set is 3 and dim(Y)[1]=284"
[1] "here it is 5"
[1] "Length set is 4 and dim(Y)[1]=284"
[1] "here it is 6"
[1] "Length set is 5 and dim(Y)[1]=284"
[1] "here it is 7"
[1] "Length set is 6 and dim(Y)[1]=284"
[1] "here it is 8"
[1] "Length set is 7 and dim(Y)[1]=284"
[1] "here it is 9"
[1] "Length set is 8 and dim(Y)[1]=284"
[1] "here it is 10"
[1] "Length set is 9 and dim(Y)[1]=284"
[1] "Start Step 3"
[1] "Start estimation of W"
[1] 111.8082
[1] 100 955  10  50
[1] "Threshold: 0.121394170350812"
[1] "859 words were thresholded (89.9476439790576%)"
[1] "96 words remain"
[1] "Start VH"
[1] "here it is 1"
[1] "Length set is 0 and dim(Y)[1]=96"
[1] "here it is 2"
[1] "Length set is 1 and dim(Y)[1]=96"
[1] "here it is 3"
[1] "Length set is 2 and dim(Y)[1]=96"
[1] "here it is 4"
[1] "Length set is 3 and dim(Y)[1]=96"
[1] "here it is 5"
[1] "Length set is 4 and dim(Y)[1]=96"
[1] "here it is 6"
[1] "Length set is 5 and dim(Y)[1]=96"
[1] "here it is 7"
[1] "Length set is 6 and dim(Y)[1]=96"
[1] "here it is 8"
[1] "Length set is 7 and dim(Y)[1]=96"
[1] "here it is 9"
[1] "Length set is 8 and dim(Y)[1]=96"
[1] "here it is 10"
[1] "Length set is 9 and dim(Y)[1]=96"
[1] "Start Step 3"
[1] "Start estimation of W"
[1] 111.8082
[1] 100 955  10  50
[1] "Threshold: 0.242788340701623"
[1] "859 words were thresholded (89.9476439790576%)"
[1] "96 words remain"
[1] "Start VH"
[1] "here it is 1"
[1] "Length set is 0 and dim(Y)[1]=96"
[1] "here it is 2"
[1] "Length set is 1 and dim(Y)[1]=96"
[1] "here it is 3"
[1] "Length set is 2 and dim(Y)[1]=96"
[1] "here it is 4"
[1] "Length set is 3 and dim(Y)[1]=96"
[1] "here it is 5"
[1] "Length set is 4 and dim(Y)[1]=96"
[1] "here it is 6"
[1] "Length set is 5 and dim(Y)[1]=96"
[1] "here it is 7"
[1] "Length set is 6 and dim(Y)[1]=96"
[1] "here it is 8"
[1] "Length set is 7 and dim(Y)[1]=96"
[1] "here it is 9"
[1] "Length set is 8 and dim(Y)[1]=96"
[1] "here it is 10"
[1] "Length set is 9 and dim(Y)[1]=96"
[1] "Start Step 3"
[1] "Start estimation of W"
[1] 111.8082
