My SLURM_ARRAY_TASK_ID:  3
My SLURM_ARRAY_JOB_ID:  7663694
result file is 7663694_3_100
[1] "here"
[1] "Dim of data D = 100, 963"
[1] "Dim of data A = 963, 100"
[1] 100 963 100
[1] "Start VH"
[1] "here it is 1"
[1] "Length set is 0 and dim(Y)[1]=963"
[1] "here it is 2"
[1] "Length set is 1 and dim(Y)[1]=963"
[1] "here it is 3"
[1] "Length set is 2 and dim(Y)[1]=963"
[1] "here it is 4"
[1] "Length set is 3 and dim(Y)[1]=963"
[1] "here it is 5"
[1] "Length set is 4 and dim(Y)[1]=963"
[1] "here it is 6"
[1] "Length set is 5 and dim(Y)[1]=963"
[1] "here it is 7"
[1] "Length set is 6 and dim(Y)[1]=963"
[1] "here it is 8"
[1] "Length set is 7 and dim(Y)[1]=963"
[1] "here it is 9"
[1] "Length set is 8 and dim(Y)[1]=963"
[1] "here it is 10"
[1] "Length set is 9 and dim(Y)[1]=963"
[1] "here it is 11"
[1] "Length set is 10 and dim(Y)[1]=963"
[1] "here it is 12"
[1] "Length set is 11 and dim(Y)[1]=963"
[1] "here it is 13"
[1] "Length set is 12 and dim(Y)[1]=963"
[1] "here it is 14"
[1] "Length set is 13 and dim(Y)[1]=963"
[1] "here it is 15"
[1] "Length set is 14 and dim(Y)[1]=963"
[1] "here it is 16"
[1] "Length set is 15 and dim(Y)[1]=963"
[1] "here it is 17"
[1] "Length set is 16 and dim(Y)[1]=963"
[1] "here it is 18"
[1] "Length set is 17 and dim(Y)[1]=963"
[1] "here it is 19"
[1] "Length set is 18 and dim(Y)[1]=963"
[1] "here it is 20"
[1] "Length set is 19 and dim(Y)[1]=963"
[1] "here it is 21"
[1] "Length set is 20 and dim(Y)[1]=963"
[1] "here it is 22"
[1] "Length set is 21 and dim(Y)[1]=963"
[1] "here it is 23"
[1] "Length set is 22 and dim(Y)[1]=963"
[1] "here it is 24"
[1] "Length set is 23 and dim(Y)[1]=963"
[1] "here it is 25"
[1] "Length set is 24 and dim(Y)[1]=963"
[1] "yoho"
[1] "here it is 26"
[1] "Length set is 25 and dim(Y)[1]=962"
[1] "here it is 27"
[1] "Length set is 26 and dim(Y)[1]=962"
[1] "here it is 28"
[1] "Length set is 27 and dim(Y)[1]=962"
[1] "here it is 29"
[1] "Length set is 28 and dim(Y)[1]=962"
[1] "here it is 30"
[1] "Length set is 29 and dim(Y)[1]=962"
[1] "here it is 31"
[1] "Length set is 30 and dim(Y)[1]=962"
[1] "here it is 32"
[1] "Length set is 31 and dim(Y)[1]=962"
[1] "here it is 33"
[1] "Length set is 32 and dim(Y)[1]=962"
[1] "here it is 34"
[1] "Length set is 33 and dim(Y)[1]=962"
[1] "yoho"
[1] "here it is 35"
[1] "Length set is 34 and dim(Y)[1]=961"
[1] "here it is 36"
[1] "Length set is 35 and dim(Y)[1]=961"
[1] "here it is 37"
[1] "Length set is 36 and dim(Y)[1]=961"
[1] "here it is 38"
[1] "Length set is 37 and dim(Y)[1]=961"
[1] "yoho"
[1] "here it is 39"
[1] "Length set is 38 and dim(Y)[1]=960"
[1] "here it is 40"
[1] "Length set is 39 and dim(Y)[1]=960"
[1] "yoho"
[1] "here it is 41"
[1] "Length set is 40 and dim(Y)[1]=959"
[1] "here it is 42"
[1] "Length set is 41 and dim(Y)[1]=959"
[1] "here it is 43"
[1] "Length set is 42 and dim(Y)[1]=959"
[1] "here it is 44"
[1] "Length set is 43 and dim(Y)[1]=959"
[1] "here it is 45"
[1] "Length set is 44 and dim(Y)[1]=959"
[1] "here it is 46"
[1] "Length set is 45 and dim(Y)[1]=959"
[1] "yoho"
[1] "here it is 47"
[1] "Length set is 46 and dim(Y)[1]=958"
[1] "here it is 48"
[1] "Length set is 47 and dim(Y)[1]=958"
[1] "here it is 49"
[1] "Length set is 48 and dim(Y)[1]=958"
[1] "yoho"
[1] "here it is 50"
[1] "Length set is 49 and dim(Y)[1]=957"
[1] "here it is 51"
[1] "Length set is 50 and dim(Y)[1]=957"
[1] "here it is 52"
[1] "Length set is 51 and dim(Y)[1]=957"
[1] "here it is 53"
[1] "Length set is 52 and dim(Y)[1]=957"
[1] "here it is 54"
[1] "Length set is 53 and dim(Y)[1]=957"
[1] "here it is 55"
[1] "Length set is 54 and dim(Y)[1]=957"
[1] "here it is 56"
[1] "Length set is 55 and dim(Y)[1]=957"
[1] "here it is 57"
[1] "Length set is 56 and dim(Y)[1]=957"
[1] "here it is 58"
[1] "Length set is 57 and dim(Y)[1]=957"
[1] "here it is 59"
[1] "Length set is 58 and dim(Y)[1]=957"
[1] "here it is 60"
[1] "Length set is 59 and dim(Y)[1]=957"
[1] "here it is 61"
[1] "Length set is 60 and dim(Y)[1]=957"
[1] "here it is 62"
[1] "Length set is 61 and dim(Y)[1]=957"
[1] "here it is 63"
[1] "Length set is 62 and dim(Y)[1]=957"
[1] "here it is 64"
[1] "Length set is 63 and dim(Y)[1]=957"
[1] "here it is 65"
[1] "Length set is 64 and dim(Y)[1]=957"
[1] "here it is 66"
[1] "Length set is 65 and dim(Y)[1]=957"
[1] "here it is 67"
[1] "Length set is 66 and dim(Y)[1]=957"
[1] "here it is 68"
[1] "Length set is 67 and dim(Y)[1]=957"
[1] "here it is 69"
[1] "Length set is 68 and dim(Y)[1]=957"
[1] "here it is 70"
[1] "Length set is 69 and dim(Y)[1]=957"
[1] "here it is 71"
[1] "Length set is 70 and dim(Y)[1]=957"
[1] "here it is 72"
[1] "Length set is 71 and dim(Y)[1]=957"
[1] "here it is 73"
[1] "Length set is 72 and dim(Y)[1]=957"
[1] "here it is 74"
[1] "Length set is 73 and dim(Y)[1]=957"
[1] "here it is 75"
[1] "Length set is 74 and dim(Y)[1]=957"
[1] "here it is 76"
[1] "Length set is 75 and dim(Y)[1]=957"
[1] "here it is 77"
[1] "Length set is 76 and dim(Y)[1]=957"
[1] "here it is 78"
[1] "Length set is 77 and dim(Y)[1]=957"
[1] "here it is 79"
[1] "Length set is 78 and dim(Y)[1]=957"
[1] "here it is 80"
[1] "Length set is 79 and dim(Y)[1]=957"
[1] "here it is 81"
[1] "Length set is 80 and dim(Y)[1]=957"
[1] "here it is 82"
[1] "Length set is 81 and dim(Y)[1]=957"
[1] "here it is 83"
[1] "Length set is 82 and dim(Y)[1]=957"
[1] "here it is 84"
[1] "Length set is 83 and dim(Y)[1]=957"
[1] "here it is 85"
[1] "Length set is 84 and dim(Y)[1]=957"
[1] "here it is 86"
[1] "Length set is 85 and dim(Y)[1]=957"
[1] "here it is 87"
[1] "Length set is 86 and dim(Y)[1]=957"
[1] "here it is 88"
[1] "Length set is 87 and dim(Y)[1]=957"
[1] "here it is 89"
[1] "Length set is 88 and dim(Y)[1]=957"
[1] "here it is 90"
[1] "Length set is 89 and dim(Y)[1]=957"
[1] "here it is 91"
[1] "Length set is 90 and dim(Y)[1]=957"
[1] "here it is 92"
[1] "Length set is 91 and dim(Y)[1]=957"
[1] "here it is 93"
[1] "Length set is 92 and dim(Y)[1]=957"
[1] "here it is 94"
[1] "Length set is 93 and dim(Y)[1]=957"
[1] "here it is 95"
[1] "Length set is 94 and dim(Y)[1]=957"
[1] "here it is 96"
[1] "Length set is 95 and dim(Y)[1]=957"
[1] "here it is 97"
[1] "Length set is 96 and dim(Y)[1]=957"
[1] "here it is 98"
[1] "Length set is 97 and dim(Y)[1]=957"
[1] "here it is 99"
[1] "Length set is 98 and dim(Y)[1]=957"
[1] "here it is 100"
[1] "Length set is 99 and dim(Y)[1]=957"
[1] "Start Step 3"
[1] "Start estimation of W"
[1] 643.968
[1] 14.96991

                            < M A T L A B (R) >
                  Copyright 1984-2023 The MathWorks, Inc.
             R2023a Update 3 (9.14.0.2286388) 64-bit (glnxa64)
                                May 25, 2023

 
To get started, type doc.
For product information, visit www.mathworks.com.
 

No of documents read:100
Thresholding on A
Error occurred while running TSVD: cannot open the connection 
identifying candidate anchors
[48 50 48 49 48 47 48 48 47 50 48 48 48 48 49 48 49 47 47 48 50 48 48 46
 49 50 46 48 46 49 48 48 49 49 50 48 50 49 49 49 46 49 47 48 49 49 49 49
 49 48 49 49 48 46 50 49 48 48 48 50 49 48 50 49 49 49 50 48 48 49 49 50
 47 48 49 47 49 47 50 48 48 48 50 50 50 47 49 48 48 50 49 49 50 49 49 47
 50 50 50 50]
1
1
1
1
1
1
1
1
1
1
1
1
1
1
1
1
1
1
1
1
1
1
1
1
1
1
1
1
1
1
1
1
1
1
1
1
1
1
1
1
1
1
1
1
1
1
1
1
1
1
1
1
1
1
1
1
1
1
1
1
1
1
1
1
1
1
1
1
1
1
1
1
1
1
1
1
1
1
1
1
1
1
1
1
1
1
1
1
1
1
1
1
1
1
1
1
1
1
1
1
1
1
1
1
1
1
1
1
1
1
1
1
1
1
1
1
1
1
1
1
1
1
1
1
1
1
1
1
1
1
1
1
1
1
1
1
1
1
1
1
1
1
1
1
1
1
1
1
1
1
1
1
1
1
1
1
1
1
1
1
1
1
1
1
1
1
1
1
1
1
1
1
1
1
1
1
1
1
1
1
1
1
1
1
1
1
1
1
1
1
1
1
1
1
1
1
1
1
1
1
1
1
1
1
1
1
1
1
1
1
1
1
1
1
1
1
1
1
1
1
1
1
1
1
1
1
1
1
1
1
1
1
1
1
1
1
1
1
1
1
1
1
1
1
1
1
1
1
1
1
1
1
1
1
1
1
1
1
1
1
1
1
1
1
1
1
1
1
1
1
1
1
1
1
1
1
1
1
1
1
1
1
1
1
1
1
1
1
1
1
1
1
1
1
1
1
1
1
1
1
1
1
1
1
1
1
1
1
1
1
1
1
1
1
1
1
1
1
1
1
1
1
1
1
1
1
1
1
1
1
1
1
1
1
1
1
1
1
1
1
1
1
1
1
1
1
1
1
1
1
1
1
1
1
1
1
1
1
1
1
1
1
1
1
1
1
1
1
1
1
1
1
1
1
1
1
1
1
1
1
1
1
1
1
1
1
1
1
1
1
1
1
1
1
1
1
1
1
1
1
1
1
1
1
1
1
1
1
1
1
1
1
1
1
1
1
1
1
1
1
1
1
1
1
1
1
1
1
1
1
1
1
1
1
1
1
1
1
1
1
1
1
1
1
1
1
1
1
1
1
1
1
1
1
1
1
1
1
1
1
1
1
1
1
1
1
1
1
1
1
1
1
1
1
1
1
1
1
1
1
1
1
1
1
1
1
1
1
1
1
1
1
1
1
1
1
1
1
1
1
1
1
1
1
1
1
1
1
1
1
1
1
1
1
1
1
1
1
1
1
1
1
1
1
1
1
1
1
1
1
1
1
1
1
1
1
1
1
1
1
1
1
1
1
1
1
1
1
1
1
1
1
1
1
1
1
1
1
1
1
1
1
1
1
1
1
1
1
1
1
1
1
1
1
1
1
1
1
1
1
1
1
1
1
1
1
1
1
1
1
1
1
1
1
1
1
1
1
1
1
1
1
1
1
1
1
1
1
1
1
1
1
1
1
1
1
1
1
1
1
1
1
1
1
1
1
1
1
1
1
1
1
1
1
1
1
1
1
1
1
1
1
1
1
1
1
1
1
1
1
1
1
1
1
1
1
1
1
1
1
1
1
1
1
1
1
1
1
1
1
1
1
1
1
1
1
1
1
1
1
1
1
1
1
1
1
1
1
1
1
1
1
1
1
1
1
1
1
1
1
1
1
1
1
1
1
1
1
1
1
1
1
1
1
1
1
1
1
1
1
1
1
1
1
1
1
1
1
1
1
1
1
1
1
1
1
1
1
1
1
1
1
1
1
1
1
1
1
1
1
1
1
1
1
1
1
1
1
1
1
1
1
1
1
1
1
1
1
1
1
1
1
1
1
1
1
1
1
1
1
1
1
1
1
1
1
1
1
1
1
1
1
1
1
1
1
1
1
1
1
1
1
1
1
1
1
1
1
1
1
1
1
1
1
1
1
1
1
1
1
1
1
1
1
1
1
1
1
1
1
1
1
1
1
1
1
1
1
1
1
1
1
1
1
1
1
1
1
1
1
1
1
1
1
1
1
1
1
1
1
1
1
1
1
1
1
1
1
1
1
1
1
1
1
1
1
1
1
1
1
1
1
1
1
1
1
1
1
1
1
1
1
1
1
1
1
1
1
1
1
1
1
1
1
1
1
1
1
1
1
1
1
1
1
1
1
1
1
1
1
1
1
1
1
1
1
1
1
1
1
1
1
1
1
1
1
1
1
1
1
1
1
1
1
1
1
1
1
1
1
1
1
1
1
1
1
1
1
1
1
1
1
1
963 candidates
uiiii
here
Sum of entries in Q is  -0.020408163265306117
Multiplying Q took  0.016063690185546875 seconds
yeyye
Q sum is -0.020408163265306117
done reading documents
anchors are:
[0, 585]
[1, 990]
[2, 27]
[3, 201]
[4, 903]
[5, 281]
[6, 93]
[7, 722]
[8, 355]
[9, 752]
[10, 998]
[11, 274]
[12, 236]
[13, 776]
[14, 500]
[15, 487]
[16, 825]
[17, 692]
[18, 818]
[19, 168]
[20, 698]
[21, 147]
[22, 387]
[23, 690]
[24, 439]
[25, 866]
[26, 806]
[27, 114]
[28, 440]
[29, 320]
[30, 369]
[31, 458]
[32, 85]
[33, 425]
[34, 735]
[35, 275]
[36, 190]
[37, 314]
[38, 241]
[39, 106]
[40, 505]
[41, 480]
[42, 338]
[43, 952]
[44, 918]
[45, 785]
[46, 472]
[47, 380]
[48, 543]
[49, 117]
[50, 178]
[51, 323]
[52, 741]
[53, 595]
[54, 986]
[55, 48]
[56, 206]
[57, 163]
[58, 769]
[59, 268]
[60, 389]
[61, 63]
[62, 683]
[63, 507]
[64, 318]
[65, 797]
[66, 441]
[67, 734]
[68, 224]
[69, 655]
[70, 768]
[71, 124]
[72, 550]
[73, 526]
[74, 253]
[75, 653]
[76, 102]
[77, 730]
[78, 744]
[79, 260]
[80, 10]
[81, 801]
[82, 714]
[83, 754]
[84, 804]
[85, 544]
[86, 47]
[87, 392]
[88, 452]
[89, 792]
[90, 90]
[91, 162]
[92, 738]
[93, 831]
[94, 711]
[95, 628]
[96, 104]
[97, 313]
[98, 968]
[99, 45]
done recovering
[1] 100 963 100  50
[1] "Threshold: 0.00303485425877029"
[1] "0 words were thresholded (0%)"
[1] "963 words remain"
[1] "Start VH"
[1] "here it is 1"
[1] "Length set is 0 and dim(Y)[1]=963"
[1] "here it is 2"
[1] "Length set is 1 and dim(Y)[1]=963"
[1] "here it is 3"
[1] "Length set is 2 and dim(Y)[1]=963"
[1] "here it is 4"
[1] "Length set is 3 and dim(Y)[1]=963"
[1] "here it is 5"
[1] "Length set is 4 and dim(Y)[1]=963"
[1] "here it is 6"
[1] "Length set is 5 and dim(Y)[1]=963"
[1] "here it is 7"
[1] "Length set is 6 and dim(Y)[1]=963"
[1] "here it is 8"
[1] "Length set is 7 and dim(Y)[1]=963"
[1] "here it is 9"
[1] "Length set is 8 and dim(Y)[1]=963"
[1] "here it is 10"
[1] "Length set is 9 and dim(Y)[1]=963"
[1] "here it is 11"
[1] "Length set is 10 and dim(Y)[1]=963"
[1] "here it is 12"
[1] "Length set is 11 and dim(Y)[1]=963"
[1] "here it is 13"
[1] "Length set is 12 and dim(Y)[1]=963"
[1] "here it is 14"
[1] "Length set is 13 and dim(Y)[1]=963"
[1] "here it is 15"
[1] "Length set is 14 and dim(Y)[1]=963"
[1] "here it is 16"
[1] "Length set is 15 and dim(Y)[1]=963"
[1] "here it is 17"
[1] "Length set is 16 and dim(Y)[1]=963"
[1] "here it is 18"
[1] "Length set is 17 and dim(Y)[1]=963"
[1] "here it is 19"
[1] "Length set is 18 and dim(Y)[1]=963"
[1] "here it is 20"
[1] "Length set is 19 and dim(Y)[1]=963"
[1] "here it is 21"
[1] "Length set is 20 and dim(Y)[1]=963"
[1] "here it is 22"
[1] "Length set is 21 and dim(Y)[1]=963"
[1] "here it is 23"
[1] "Length set is 22 and dim(Y)[1]=963"
[1] "here it is 24"
[1] "Length set is 23 and dim(Y)[1]=963"
[1] "here it is 25"
[1] "Length set is 24 and dim(Y)[1]=963"
[1] "here it is 26"
[1] "Length set is 25 and dim(Y)[1]=963"
[1] "here it is 27"
[1] "Length set is 26 and dim(Y)[1]=963"
[1] "here it is 28"
[1] "Length set is 27 and dim(Y)[1]=963"
[1] "here it is 29"
[1] "Length set is 28 and dim(Y)[1]=963"
[1] "here it is 30"
[1] "Length set is 29 and dim(Y)[1]=963"
[1] "here it is 31"
[1] "Length set is 30 and dim(Y)[1]=963"
[1] "here it is 32"
[1] "Length set is 31 and dim(Y)[1]=963"
[1] "here it is 33"
[1] "Length set is 32 and dim(Y)[1]=963"
[1] "here it is 34"
[1] "Length set is 33 and dim(Y)[1]=963"
[1] "here it is 35"
[1] "Length set is 34 and dim(Y)[1]=963"
[1] "here it is 36"
[1] "Length set is 35 and dim(Y)[1]=963"
[1] "here it is 37"
[1] "Length set is 36 and dim(Y)[1]=963"
[1] "here it is 38"
[1] "Length set is 37 and dim(Y)[1]=963"
[1] "yoho"
[1] "here it is 39"
[1] "Length set is 38 and dim(Y)[1]=962"
[1] "here it is 40"
[1] "Length set is 39 and dim(Y)[1]=962"
[1] "here it is 41"
[1] "Length set is 40 and dim(Y)[1]=962"
[1] "here it is 42"
[1] "Length set is 41 and dim(Y)[1]=962"
[1] "here it is 43"
[1] "Length set is 42 and dim(Y)[1]=962"
[1] "here it is 44"
[1] "Length set is 43 and dim(Y)[1]=962"
[1] "here it is 45"
[1] "Length set is 44 and dim(Y)[1]=962"
[1] "here it is 46"
[1] "Length set is 45 and dim(Y)[1]=962"
[1] "here it is 47"
[1] "Length set is 46 and dim(Y)[1]=962"
[1] "here it is 48"
[1] "Length set is 47 and dim(Y)[1]=962"
[1] "here it is 49"
[1] "Length set is 48 and dim(Y)[1]=962"
[1] "here it is 50"
[1] "Length set is 49 and dim(Y)[1]=962"
[1] "here it is 51"
[1] "Length set is 50 and dim(Y)[1]=962"
[1] "here it is 52"
[1] "Length set is 51 and dim(Y)[1]=962"
[1] "here it is 53"
[1] "Length set is 52 and dim(Y)[1]=962"
[1] "here it is 54"
[1] "Length set is 53 and dim(Y)[1]=962"
[1] "here it is 55"
[1] "Length set is 54 and dim(Y)[1]=962"
[1] "yoho"
[1] "here it is 56"
[1] "Length set is 55 and dim(Y)[1]=961"
[1] "here it is 57"
[1] "Length set is 56 and dim(Y)[1]=961"
[1] "here it is 58"
[1] "Length set is 57 and dim(Y)[1]=961"
[1] "here it is 59"
[1] "Length set is 58 and dim(Y)[1]=961"
[1] "here it is 60"
[1] "Length set is 59 and dim(Y)[1]=961"
[1] "here it is 61"
[1] "Length set is 60 and dim(Y)[1]=961"
[1] "here it is 62"
[1] "Length set is 61 and dim(Y)[1]=961"
[1] "here it is 63"
[1] "Length set is 62 and dim(Y)[1]=961"
[1] "here it is 64"
[1] "Length set is 63 and dim(Y)[1]=961"
[1] "here it is 65"
[1] "Length set is 64 and dim(Y)[1]=961"
[1] "here it is 66"
[1] "Length set is 65 and dim(Y)[1]=961"
[1] "here it is 67"
[1] "Length set is 66 and dim(Y)[1]=961"
[1] "here it is 68"
[1] "Length set is 67 and dim(Y)[1]=961"
[1] "here it is 69"
[1] "Length set is 68 and dim(Y)[1]=961"
[1] "here it is 70"
[1] "Length set is 69 and dim(Y)[1]=961"
[1] "here it is 71"
[1] "Length set is 70 and dim(Y)[1]=961"
[1] "here it is 72"
[1] "Length set is 71 and dim(Y)[1]=961"
[1] "here it is 73"
[1] "Length set is 72 and dim(Y)[1]=961"
[1] "here it is 74"
[1] "Length set is 73 and dim(Y)[1]=961"
[1] "here it is 75"
[1] "Length set is 74 and dim(Y)[1]=961"
[1] "here it is 76"
[1] "Length set is 75 and dim(Y)[1]=961"
[1] "here it is 77"
[1] "Length set is 76 and dim(Y)[1]=961"
[1] "here it is 78"
[1] "Length set is 77 and dim(Y)[1]=961"
[1] "here it is 79"
[1] "Length set is 78 and dim(Y)[1]=961"
[1] "here it is 80"
[1] "Length set is 79 and dim(Y)[1]=961"
[1] "here it is 81"
[1] "Length set is 80 and dim(Y)[1]=961"
[1] "here it is 82"
[1] "Length set is 81 and dim(Y)[1]=961"
[1] "here it is 83"
[1] "Length set is 82 and dim(Y)[1]=961"
[1] "here it is 84"
[1] "Length set is 83 and dim(Y)[1]=961"
[1] "here it is 85"
[1] "Length set is 84 and dim(Y)[1]=961"
[1] "here it is 86"
[1] "Length set is 85 and dim(Y)[1]=961"
[1] "here it is 87"
[1] "Length set is 86 and dim(Y)[1]=961"
[1] "here it is 88"
[1] "Length set is 87 and dim(Y)[1]=961"
[1] "here it is 89"
[1] "Length set is 88 and dim(Y)[1]=961"
[1] "here it is 90"
[1] "Length set is 89 and dim(Y)[1]=961"
[1] "here it is 91"
[1] "Length set is 90 and dim(Y)[1]=961"
[1] "here it is 92"
[1] "Length set is 91 and dim(Y)[1]=961"
[1] "here it is 93"
[1] "Length set is 92 and dim(Y)[1]=961"
[1] "here it is 94"
[1] "Length set is 93 and dim(Y)[1]=961"
[1] "here it is 95"
[1] "Length set is 94 and dim(Y)[1]=961"
[1] "here it is 96"
[1] "Length set is 95 and dim(Y)[1]=961"
[1] "here it is 97"
[1] "Length set is 96 and dim(Y)[1]=961"
[1] "here it is 98"
[1] "Length set is 97 and dim(Y)[1]=961"
[1] "here it is 99"
[1] "Length set is 98 and dim(Y)[1]=961"
[1] "here it is 100"
[1] "Length set is 99 and dim(Y)[1]=961"
[1] "Start Step 3"
[1] "Start estimation of W"
[1] 111.8082
[1] 100 963 100  50
[1] "Threshold: 0.0151742712938515"
[1] "72 words were thresholded (7.47663551401869%)"
[1] "891 words remain"
[1] "Start VH"
[1] "here it is 1"
[1] "Length set is 0 and dim(Y)[1]=891"
[1] "here it is 2"
[1] "Length set is 1 and dim(Y)[1]=891"
[1] "here it is 3"
[1] "Length set is 2 and dim(Y)[1]=891"
[1] "here it is 4"
[1] "Length set is 3 and dim(Y)[1]=891"
[1] "here it is 5"
[1] "Length set is 4 and dim(Y)[1]=891"
[1] "here it is 6"
[1] "Length set is 5 and dim(Y)[1]=891"
[1] "here it is 7"
[1] "Length set is 6 and dim(Y)[1]=891"
[1] "here it is 8"
[1] "Length set is 7 and dim(Y)[1]=891"
[1] "here it is 9"
[1] "Length set is 8 and dim(Y)[1]=891"
[1] "here it is 10"
[1] "Length set is 9 and dim(Y)[1]=891"
[1] "here it is 11"
[1] "Length set is 10 and dim(Y)[1]=891"
[1] "here it is 12"
[1] "Length set is 11 and dim(Y)[1]=891"
[1] "here it is 13"
[1] "Length set is 12 and dim(Y)[1]=891"
[1] "here it is 14"
[1] "Length set is 13 and dim(Y)[1]=891"
[1] "here it is 15"
[1] "Length set is 14 and dim(Y)[1]=891"
[1] "here it is 16"
[1] "Length set is 15 and dim(Y)[1]=891"
[1] "here it is 17"
[1] "Length set is 16 and dim(Y)[1]=891"
[1] "here it is 18"
[1] "Length set is 17 and dim(Y)[1]=891"
[1] "here it is 19"
[1] "Length set is 18 and dim(Y)[1]=891"
[1] "here it is 20"
[1] "Length set is 19 and dim(Y)[1]=891"
[1] "here it is 21"
[1] "Length set is 20 and dim(Y)[1]=891"
[1] "here it is 22"
[1] "Length set is 21 and dim(Y)[1]=891"
[1] "here it is 23"
[1] "Length set is 22 and dim(Y)[1]=891"
[1] "here it is 24"
[1] "Length set is 23 and dim(Y)[1]=891"
[1] "here it is 25"
[1] "Length set is 24 and dim(Y)[1]=891"
[1] "here it is 26"
[1] "Length set is 25 and dim(Y)[1]=891"
[1] "here it is 27"
[1] "Length set is 26 and dim(Y)[1]=891"
[1] "here it is 28"
[1] "Length set is 27 and dim(Y)[1]=891"
[1] "here it is 29"
[1] "Length set is 28 and dim(Y)[1]=891"
[1] "here it is 30"
[1] "Length set is 29 and dim(Y)[1]=891"
[1] "here it is 31"
[1] "Length set is 30 and dim(Y)[1]=891"
[1] "here it is 32"
[1] "Length set is 31 and dim(Y)[1]=891"
[1] "here it is 33"
[1] "Length set is 32 and dim(Y)[1]=891"
[1] "here it is 34"
[1] "Length set is 33 and dim(Y)[1]=891"
[1] "here it is 35"
[1] "Length set is 34 and dim(Y)[1]=891"
[1] "here it is 36"
[1] "Length set is 35 and dim(Y)[1]=891"
[1] "here it is 37"
[1] "Length set is 36 and dim(Y)[1]=891"
[1] "here it is 38"
[1] "Length set is 37 and dim(Y)[1]=891"
[1] "here it is 39"
[1] "Length set is 38 and dim(Y)[1]=891"
[1] "here it is 40"
[1] "Length set is 39 and dim(Y)[1]=891"
[1] "here it is 41"
[1] "Length set is 40 and dim(Y)[1]=891"
[1] "here it is 42"
[1] "Length set is 41 and dim(Y)[1]=891"
[1] "here it is 43"
[1] "Length set is 42 and dim(Y)[1]=891"
[1] "here it is 44"
[1] "Length set is 43 and dim(Y)[1]=891"
[1] "here it is 45"
[1] "Length set is 44 and dim(Y)[1]=891"
[1] "here it is 46"
[1] "Length set is 45 and dim(Y)[1]=891"
[1] "here it is 47"
[1] "Length set is 46 and dim(Y)[1]=891"
[1] "here it is 48"
[1] "Length set is 47 and dim(Y)[1]=891"
[1] "here it is 49"
[1] "Length set is 48 and dim(Y)[1]=891"
[1] "here it is 50"
[1] "Length set is 49 and dim(Y)[1]=891"
[1] "here it is 51"
[1] "Length set is 50 and dim(Y)[1]=891"
[1] "here it is 52"
[1] "Length set is 51 and dim(Y)[1]=891"
[1] "here it is 53"
[1] "Length set is 52 and dim(Y)[1]=891"
[1] "here it is 54"
[1] "Length set is 53 and dim(Y)[1]=891"
[1] "here it is 55"
[1] "Length set is 54 and dim(Y)[1]=891"
[1] "here it is 56"
[1] "Length set is 55 and dim(Y)[1]=891"
[1] "here it is 57"
[1] "Length set is 56 and dim(Y)[1]=891"
[1] "here it is 58"
[1] "Length set is 57 and dim(Y)[1]=891"
[1] "here it is 59"
[1] "Length set is 58 and dim(Y)[1]=891"
[1] "here it is 60"
[1] "Length set is 59 and dim(Y)[1]=891"
[1] "here it is 61"
[1] "Length set is 60 and dim(Y)[1]=891"
[1] "here it is 62"
[1] "Length set is 61 and dim(Y)[1]=891"
[1] "here it is 63"
[1] "Length set is 62 and dim(Y)[1]=891"
[1] "here it is 64"
[1] "Length set is 63 and dim(Y)[1]=891"
[1] "here it is 65"
[1] "Length set is 64 and dim(Y)[1]=891"
[1] "here it is 66"
[1] "Length set is 65 and dim(Y)[1]=891"
[1] "here it is 67"
[1] "Length set is 66 and dim(Y)[1]=891"
[1] "here it is 68"
[1] "Length set is 67 and dim(Y)[1]=891"
[1] "here it is 69"
[1] "Length set is 68 and dim(Y)[1]=891"
[1] "here it is 70"
[1] "Length set is 69 and dim(Y)[1]=891"
[1] "here it is 71"
[1] "Length set is 70 and dim(Y)[1]=891"
[1] "here it is 72"
[1] "Length set is 71 and dim(Y)[1]=891"
[1] "here it is 73"
[1] "Length set is 72 and dim(Y)[1]=891"
[1] "here it is 74"
[1] "Length set is 73 and dim(Y)[1]=891"
[1] "here it is 75"
[1] "Length set is 74 and dim(Y)[1]=891"
[1] "here it is 76"
[1] "Length set is 75 and dim(Y)[1]=891"
[1] "here it is 77"
[1] "Length set is 76 and dim(Y)[1]=891"
[1] "here it is 78"
[1] "Length set is 77 and dim(Y)[1]=891"
[1] "here it is 79"
[1] "Length set is 78 and dim(Y)[1]=891"
[1] "here it is 80"
[1] "Length set is 79 and dim(Y)[1]=891"
[1] "here it is 81"
[1] "Length set is 80 and dim(Y)[1]=891"
[1] "here it is 82"
[1] "Length set is 81 and dim(Y)[1]=891"
[1] "here it is 83"
[1] "Length set is 82 and dim(Y)[1]=891"
[1] "here it is 84"
[1] "Length set is 83 and dim(Y)[1]=891"
[1] "here it is 85"
[1] "Length set is 84 and dim(Y)[1]=891"
[1] "here it is 86"
[1] "Length set is 85 and dim(Y)[1]=891"
[1] "here it is 87"
[1] "Length set is 86 and dim(Y)[1]=891"
[1] "here it is 88"
[1] "Length set is 87 and dim(Y)[1]=891"
[1] "here it is 89"
[1] "Length set is 88 and dim(Y)[1]=891"
[1] "here it is 90"
[1] "Length set is 89 and dim(Y)[1]=891"
[1] "here it is 91"
[1] "Length set is 90 and dim(Y)[1]=891"
[1] "here it is 92"
[1] "Length set is 91 and dim(Y)[1]=891"
[1] "here it is 93"
[1] "Length set is 92 and dim(Y)[1]=891"
[1] "here it is 94"
[1] "Length set is 93 and dim(Y)[1]=891"
[1] "here it is 95"
[1] "Length set is 94 and dim(Y)[1]=891"
[1] "here it is 96"
[1] "Length set is 95 and dim(Y)[1]=891"
[1] "here it is 97"
[1] "Length set is 96 and dim(Y)[1]=891"
[1] "here it is 98"
[1] "Length set is 97 and dim(Y)[1]=891"
[1] "here it is 99"
[1] "Length set is 98 and dim(Y)[1]=891"
[1] "here it is 100"
[1] "Length set is 99 and dim(Y)[1]=891"
[1] "Start Step 3"
[1] "Start estimation of W"
[1] 111.8082
[1] 100 963 100  50
[1] "Threshold: 0.0303485425877029"
[1] "274 words were thresholded (28.4527518172378%)"
[1] "689 words remain"
[1] "Start VH"
[1] "here it is 1"
[1] "Length set is 0 and dim(Y)[1]=689"
[1] "here it is 2"
[1] "Length set is 1 and dim(Y)[1]=689"
[1] "here it is 3"
[1] "Length set is 2 and dim(Y)[1]=689"
[1] "here it is 4"
[1] "Length set is 3 and dim(Y)[1]=689"
[1] "here it is 5"
[1] "Length set is 4 and dim(Y)[1]=689"
[1] "here it is 6"
[1] "Length set is 5 and dim(Y)[1]=689"
[1] "here it is 7"
[1] "Length set is 6 and dim(Y)[1]=689"
[1] "here it is 8"
[1] "Length set is 7 and dim(Y)[1]=689"
[1] "here it is 9"
[1] "Length set is 8 and dim(Y)[1]=689"
[1] "here it is 10"
[1] "Length set is 9 and dim(Y)[1]=689"
[1] "here it is 11"
[1] "Length set is 10 and dim(Y)[1]=689"
[1] "here it is 12"
[1] "Length set is 11 and dim(Y)[1]=689"
[1] "here it is 13"
[1] "Length set is 12 and dim(Y)[1]=689"
[1] "here it is 14"
[1] "Length set is 13 and dim(Y)[1]=689"
[1] "here it is 15"
[1] "Length set is 14 and dim(Y)[1]=689"
[1] "here it is 16"
[1] "Length set is 15 and dim(Y)[1]=689"
[1] "here it is 17"
[1] "Length set is 16 and dim(Y)[1]=689"
[1] "here it is 18"
[1] "Length set is 17 and dim(Y)[1]=689"
[1] "here it is 19"
[1] "Length set is 18 and dim(Y)[1]=689"
[1] "here it is 20"
[1] "Length set is 19 and dim(Y)[1]=689"
[1] "here it is 21"
[1] "Length set is 20 and dim(Y)[1]=689"
[1] "here it is 22"
[1] "Length set is 21 and dim(Y)[1]=689"
[1] "here it is 23"
[1] "Length set is 22 and dim(Y)[1]=689"
[1] "here it is 24"
[1] "Length set is 23 and dim(Y)[1]=689"
[1] "here it is 25"
[1] "Length set is 24 and dim(Y)[1]=689"
[1] "here it is 26"
[1] "Length set is 25 and dim(Y)[1]=689"
[1] "here it is 27"
[1] "Length set is 26 and dim(Y)[1]=689"
[1] "here it is 28"
[1] "Length set is 27 and dim(Y)[1]=689"
[1] "here it is 29"
[1] "Length set is 28 and dim(Y)[1]=689"
[1] "here it is 30"
[1] "Length set is 29 and dim(Y)[1]=689"
[1] "here it is 31"
[1] "Length set is 30 and dim(Y)[1]=689"
[1] "here it is 32"
[1] "Length set is 31 and dim(Y)[1]=689"
[1] "here it is 33"
[1] "Length set is 32 and dim(Y)[1]=689"
[1] "here it is 34"
[1] "Length set is 33 and dim(Y)[1]=689"
[1] "here it is 35"
[1] "Length set is 34 and dim(Y)[1]=689"
[1] "here it is 36"
[1] "Length set is 35 and dim(Y)[1]=689"
[1] "here it is 37"
[1] "Length set is 36 and dim(Y)[1]=689"
[1] "here it is 38"
[1] "Length set is 37 and dim(Y)[1]=689"
[1] "here it is 39"
[1] "Length set is 38 and dim(Y)[1]=689"
[1] "here it is 40"
[1] "Length set is 39 and dim(Y)[1]=689"
[1] "here it is 41"
[1] "Length set is 40 and dim(Y)[1]=689"
[1] "here it is 42"
[1] "Length set is 41 and dim(Y)[1]=689"
[1] "here it is 43"
[1] "Length set is 42 and dim(Y)[1]=689"
[1] "here it is 44"
[1] "Length set is 43 and dim(Y)[1]=689"
[1] "here it is 45"
[1] "Length set is 44 and dim(Y)[1]=689"
[1] "here it is 46"
[1] "Length set is 45 and dim(Y)[1]=689"
[1] "here it is 47"
[1] "Length set is 46 and dim(Y)[1]=689"
[1] "here it is 48"
[1] "Length set is 47 and dim(Y)[1]=689"
[1] "here it is 49"
[1] "Length set is 48 and dim(Y)[1]=689"
[1] "here it is 50"
[1] "Length set is 49 and dim(Y)[1]=689"
[1] "here it is 51"
[1] "Length set is 50 and dim(Y)[1]=689"
[1] "here it is 52"
[1] "Length set is 51 and dim(Y)[1]=689"
[1] "here it is 53"
[1] "Length set is 52 and dim(Y)[1]=689"
[1] "here it is 54"
[1] "Length set is 53 and dim(Y)[1]=689"
[1] "here it is 55"
[1] "Length set is 54 and dim(Y)[1]=689"
[1] "here it is 56"
[1] "Length set is 55 and dim(Y)[1]=689"
[1] "here it is 57"
[1] "Length set is 56 and dim(Y)[1]=689"
[1] "here it is 58"
[1] "Length set is 57 and dim(Y)[1]=689"
[1] "here it is 59"
[1] "Length set is 58 and dim(Y)[1]=689"
[1] "here it is 60"
[1] "Length set is 59 and dim(Y)[1]=689"
[1] "here it is 61"
[1] "Length set is 60 and dim(Y)[1]=689"
[1] "here it is 62"
[1] "Length set is 61 and dim(Y)[1]=689"
[1] "here it is 63"
[1] "Length set is 62 and dim(Y)[1]=689"
[1] "here it is 64"
[1] "Length set is 63 and dim(Y)[1]=689"
[1] "here it is 65"
[1] "Length set is 64 and dim(Y)[1]=689"
[1] "here it is 66"
[1] "Length set is 65 and dim(Y)[1]=689"
[1] "here it is 67"
[1] "Length set is 66 and dim(Y)[1]=689"
[1] "here it is 68"
[1] "Length set is 67 and dim(Y)[1]=689"
[1] "here it is 69"
[1] "Length set is 68 and dim(Y)[1]=689"
[1] "here it is 70"
[1] "Length set is 69 and dim(Y)[1]=689"
[1] "here it is 71"
[1] "Length set is 70 and dim(Y)[1]=689"
[1] "here it is 72"
[1] "Length set is 71 and dim(Y)[1]=689"
[1] "here it is 73"
[1] "Length set is 72 and dim(Y)[1]=689"
[1] "here it is 74"
[1] "Length set is 73 and dim(Y)[1]=689"
[1] "here it is 75"
[1] "Length set is 74 and dim(Y)[1]=689"
[1] "here it is 76"
[1] "Length set is 75 and dim(Y)[1]=689"
[1] "here it is 77"
[1] "Length set is 76 and dim(Y)[1]=689"
[1] "here it is 78"
[1] "Length set is 77 and dim(Y)[1]=689"
[1] "here it is 79"
[1] "Length set is 78 and dim(Y)[1]=689"
[1] "here it is 80"
[1] "Length set is 79 and dim(Y)[1]=689"
[1] "here it is 81"
[1] "Length set is 80 and dim(Y)[1]=689"
[1] "here it is 82"
[1] "Length set is 81 and dim(Y)[1]=689"
[1] "here it is 83"
[1] "Length set is 82 and dim(Y)[1]=689"
[1] "here it is 84"
[1] "Length set is 83 and dim(Y)[1]=689"
[1] "here it is 85"
[1] "Length set is 84 and dim(Y)[1]=689"
[1] "here it is 86"
[1] "Length set is 85 and dim(Y)[1]=689"
[1] "here it is 87"
[1] "Length set is 86 and dim(Y)[1]=689"
[1] "here it is 88"
[1] "Length set is 87 and dim(Y)[1]=689"
[1] "here it is 89"
[1] "Length set is 88 and dim(Y)[1]=689"
[1] "here it is 90"
[1] "Length set is 89 and dim(Y)[1]=689"
[1] "here it is 91"
[1] "Length set is 90 and dim(Y)[1]=689"
[1] "here it is 92"
[1] "Length set is 91 and dim(Y)[1]=689"
[1] "here it is 93"
[1] "Length set is 92 and dim(Y)[1]=689"
[1] "here it is 94"
[1] "Length set is 93 and dim(Y)[1]=689"
[1] "here it is 95"
[1] "Length set is 94 and dim(Y)[1]=689"
[1] "here it is 96"
[1] "Length set is 95 and dim(Y)[1]=689"
[1] "here it is 97"
[1] "Length set is 96 and dim(Y)[1]=689"
[1] "here it is 98"
[1] "Length set is 97 and dim(Y)[1]=689"
[1] "here it is 99"
[1] "Length set is 98 and dim(Y)[1]=689"
[1] "here it is 100"
[1] "Length set is 99 and dim(Y)[1]=689"
[1] "Start Step 3"
[1] "Start estimation of W"
[1] 111.8082
[1] 100 963 100  50
[1] "Threshold: 0.0606970851754059"
[1] "688 words were thresholded (71.4434060228453%)"
[1] "275 words remain"
[1] "Start VH"
[1] "here it is 1"
[1] "Length set is 0 and dim(Y)[1]=275"
[1] "here it is 2"
[1] "Length set is 1 and dim(Y)[1]=275"
[1] "here it is 3"
[1] "Length set is 2 and dim(Y)[1]=275"
[1] "here it is 4"
[1] "Length set is 3 and dim(Y)[1]=275"
[1] "here it is 5"
[1] "Length set is 4 and dim(Y)[1]=275"
[1] "here it is 6"
[1] "Length set is 5 and dim(Y)[1]=275"
[1] "here it is 7"
[1] "Length set is 6 and dim(Y)[1]=275"
[1] "here it is 8"
[1] "Length set is 7 and dim(Y)[1]=275"
[1] "here it is 9"
[1] "Length set is 8 and dim(Y)[1]=275"
[1] "here it is 10"
[1] "Length set is 9 and dim(Y)[1]=275"
[1] "here it is 11"
[1] "Length set is 10 and dim(Y)[1]=275"
[1] "here it is 12"
[1] "Length set is 11 and dim(Y)[1]=275"
[1] "here it is 13"
[1] "Length set is 12 and dim(Y)[1]=275"
[1] "here it is 14"
[1] "Length set is 13 and dim(Y)[1]=275"
[1] "here it is 15"
[1] "Length set is 14 and dim(Y)[1]=275"
[1] "here it is 16"
[1] "Length set is 15 and dim(Y)[1]=275"
[1] "here it is 17"
[1] "Length set is 16 and dim(Y)[1]=275"
[1] "here it is 18"
[1] "Length set is 17 and dim(Y)[1]=275"
[1] "here it is 19"
[1] "Length set is 18 and dim(Y)[1]=275"
[1] "here it is 20"
[1] "Length set is 19 and dim(Y)[1]=275"
[1] "here it is 21"
[1] "Length set is 20 and dim(Y)[1]=275"
[1] "here it is 22"
[1] "Length set is 21 and dim(Y)[1]=275"
[1] "here it is 23"
[1] "Length set is 22 and dim(Y)[1]=275"
[1] "here it is 24"
[1] "Length set is 23 and dim(Y)[1]=275"
[1] "here it is 25"
[1] "Length set is 24 and dim(Y)[1]=275"
[1] "here it is 26"
[1] "Length set is 25 and dim(Y)[1]=275"
[1] "here it is 27"
[1] "Length set is 26 and dim(Y)[1]=275"
[1] "here it is 28"
[1] "Length set is 27 and dim(Y)[1]=275"
[1] "here it is 29"
[1] "Length set is 28 and dim(Y)[1]=275"
[1] "here it is 30"
[1] "Length set is 29 and dim(Y)[1]=275"
[1] "here it is 31"
[1] "Length set is 30 and dim(Y)[1]=275"
[1] "here it is 32"
[1] "Length set is 31 and dim(Y)[1]=275"
[1] "here it is 33"
[1] "Length set is 32 and dim(Y)[1]=275"
[1] "here it is 34"
[1] "Length set is 33 and dim(Y)[1]=275"
[1] "here it is 35"
[1] "Length set is 34 and dim(Y)[1]=275"
[1] "here it is 36"
[1] "Length set is 35 and dim(Y)[1]=275"
[1] "here it is 37"
[1] "Length set is 36 and dim(Y)[1]=275"
[1] "here it is 38"
[1] "Length set is 37 and dim(Y)[1]=275"
[1] "here it is 39"
[1] "Length set is 38 and dim(Y)[1]=275"
[1] "here it is 40"
[1] "Length set is 39 and dim(Y)[1]=275"
[1] "here it is 41"
[1] "Length set is 40 and dim(Y)[1]=275"
[1] "here it is 42"
[1] "Length set is 41 and dim(Y)[1]=275"
[1] "here it is 43"
[1] "Length set is 42 and dim(Y)[1]=275"
[1] "here it is 44"
[1] "Length set is 43 and dim(Y)[1]=275"
[1] "here it is 45"
[1] "Length set is 44 and dim(Y)[1]=275"
[1] "here it is 46"
[1] "Length set is 45 and dim(Y)[1]=275"
[1] "here it is 47"
[1] "Length set is 46 and dim(Y)[1]=275"
[1] "here it is 48"
[1] "Length set is 47 and dim(Y)[1]=275"
[1] "here it is 49"
[1] "Length set is 48 and dim(Y)[1]=275"
[1] "here it is 50"
[1] "Length set is 49 and dim(Y)[1]=275"
[1] "here it is 51"
[1] "Length set is 50 and dim(Y)[1]=275"
[1] "here it is 52"
[1] "Length set is 51 and dim(Y)[1]=275"
[1] "here it is 53"
[1] "Length set is 52 and dim(Y)[1]=275"
[1] "here it is 54"
[1] "Length set is 53 and dim(Y)[1]=275"
[1] "here it is 55"
[1] "Length set is 54 and dim(Y)[1]=275"
[1] "here it is 56"
[1] "Length set is 55 and dim(Y)[1]=275"
[1] "here it is 57"
[1] "Length set is 56 and dim(Y)[1]=275"
[1] "here it is 58"
[1] "Length set is 57 and dim(Y)[1]=275"
[1] "here it is 59"
[1] "Length set is 58 and dim(Y)[1]=275"
[1] "here it is 60"
[1] "Length set is 59 and dim(Y)[1]=275"
[1] "here it is 61"
[1] "Length set is 60 and dim(Y)[1]=275"
[1] "here it is 62"
[1] "Length set is 61 and dim(Y)[1]=275"
[1] "here it is 63"
[1] "Length set is 62 and dim(Y)[1]=275"
[1] "here it is 64"
[1] "Length set is 63 and dim(Y)[1]=275"
[1] "here it is 65"
[1] "Length set is 64 and dim(Y)[1]=275"
[1] "here it is 66"
[1] "Length set is 65 and dim(Y)[1]=275"
[1] "here it is 67"
[1] "Length set is 66 and dim(Y)[1]=275"
[1] "here it is 68"
[1] "Length set is 67 and dim(Y)[1]=275"
[1] "here it is 69"
[1] "Length set is 68 and dim(Y)[1]=275"
[1] "here it is 70"
[1] "Length set is 69 and dim(Y)[1]=275"
[1] "here it is 71"
[1] "Length set is 70 and dim(Y)[1]=275"
[1] "here it is 72"
[1] "Length set is 71 and dim(Y)[1]=275"
[1] "here it is 73"
[1] "Length set is 72 and dim(Y)[1]=275"
[1] "here it is 74"
[1] "Length set is 73 and dim(Y)[1]=275"
[1] "here it is 75"
[1] "Length set is 74 and dim(Y)[1]=275"
[1] "here it is 76"
[1] "Length set is 75 and dim(Y)[1]=275"
[1] "here it is 77"
[1] "Length set is 76 and dim(Y)[1]=275"
[1] "here it is 78"
[1] "Length set is 77 and dim(Y)[1]=275"
[1] "here it is 79"
[1] "Length set is 78 and dim(Y)[1]=275"
[1] "here it is 80"
[1] "Length set is 79 and dim(Y)[1]=275"
[1] "here it is 81"
[1] "Length set is 80 and dim(Y)[1]=275"
[1] "here it is 82"
[1] "Length set is 81 and dim(Y)[1]=275"
[1] "here it is 83"
[1] "Length set is 82 and dim(Y)[1]=275"
[1] "here it is 84"
[1] "Length set is 83 and dim(Y)[1]=275"
[1] "here it is 85"
[1] "Length set is 84 and dim(Y)[1]=275"
[1] "here it is 86"
[1] "Length set is 85 and dim(Y)[1]=275"
[1] "here it is 87"
[1] "Length set is 86 and dim(Y)[1]=275"
[1] "here it is 88"
[1] "Length set is 87 and dim(Y)[1]=275"
[1] "here it is 89"
[1] "Length set is 88 and dim(Y)[1]=275"
[1] "here it is 90"
[1] "Length set is 89 and dim(Y)[1]=275"
[1] "here it is 91"
[1] "Length set is 90 and dim(Y)[1]=275"
[1] "here it is 92"
[1] "Length set is 91 and dim(Y)[1]=275"
[1] "here it is 93"
[1] "Length set is 92 and dim(Y)[1]=275"
[1] "here it is 94"
[1] "Length set is 93 and dim(Y)[1]=275"
[1] "here it is 95"
[1] "Length set is 94 and dim(Y)[1]=275"
[1] "here it is 96"
[1] "Length set is 95 and dim(Y)[1]=275"
[1] "here it is 97"
[1] "Length set is 96 and dim(Y)[1]=275"
[1] "here it is 98"
[1] "Length set is 97 and dim(Y)[1]=275"
[1] "here it is 99"
[1] "Length set is 98 and dim(Y)[1]=275"
[1] "here it is 100"
[1] "Length set is 99 and dim(Y)[1]=275"
[1] "Start Step 3"
[1] "Start estimation of W"
[1] 111.8082
[1] 100 963 100  50
[1] "Threshold: 0.121394170350812"
[1] "866 words were thresholded (89.9273104880582%)"
[1] "97 words remain"
[1] 100 963 100  50
[1] "Threshold: 0.242788340701623"
[1] "866 words were thresholded (89.9273104880582%)"
[1] "97 words remain"
