My SLURM_ARRAY_TASK_ID:  1
My SLURM_ARRAY_JOB_ID:  7663696
result file is 7663696_1_10
[1] "here"
[1] "Dim of data D = 100, 946"
[1] "Dim of data A = 946, 10"
[1] 100 946  10
[1] "Start VH"
[1] "here it is 1"
[1] "Length set is 0 and dim(Y)[1]=946"
[1] "here it is 2"
[1] "Length set is 1 and dim(Y)[1]=946"
[1] "yoho"
[1] "here it is 3"
[1] "Length set is 2 and dim(Y)[1]=945"
[1] "yoho"
[1] "here it is 4"
[1] "Length set is 3 and dim(Y)[1]=944"
[1] "here it is 5"
[1] "Length set is 4 and dim(Y)[1]=944"
[1] "yoho"
[1] "here it is 6"
[1] "Length set is 5 and dim(Y)[1]=942"
[1] "yoho"
[1] "here it is 7"
[1] "Length set is 6 and dim(Y)[1]=940"
[1] "here it is 8"
[1] "Length set is 7 and dim(Y)[1]=940"
[1] "yoho"
[1] "here it is 9"
[1] "Length set is 8 and dim(Y)[1]=938"
[1] "here it is 10"
[1] "Length set is 9 and dim(Y)[1]=938"
[1] "yoho"
[1] "Start Step 3"
[1] "Start estimation of W"
[1] 643.968
[1] 14.96991

                            < M A T L A B (R) >
                  Copyright 1984-2023 The MathWorks, Inc.
             R2023a Update 3 (9.14.0.2286388) 64-bit (glnxa64)
                                May 25, 2023

 
To get started, type doc.
For product information, visit www.mathworks.com.
 

No of documents read:100
Thresholding on A
Elapsed time is 0.164140 seconds.
Computing SVD Projection
Elapsed time is 1.025271 seconds.
Performing k-means on columns of B_k
Elapsed time is 0.661757 seconds.
Performing Lloyds on B with centers from B_k clustering
Elapsed time is 0.029918 seconds.
Error occurred while running TSVD: cannot open the connection 
identifying candidate anchors
[49 50 49 48 50 50 49 49 47 46 48 48 48 49 45 49 49 49 48 46 50 49 48 50
 49 48 50 48 50 48 50 49 48 47 48 47 48 47 49 50 49 47 48 47 47 47 48 47
 49 47 49 49 50 50 47 49 49 50 50 50 50 48 50 49 47 50 49 50 50 47 48 49
 49 48 49 48 50 46 48 49 48 48 48 48 47 46 49 49 49 45 48 49 46 47 49 46
 48 50 48 49]
1
1
1
1
1
1
1
1
1
1
1
1
1
1
1
1
1
1
1
1
1
1
1
1
1
1
1
1
1
1
1
1
1
1
1
1
1
1
1
1
1
1
1
1
1
1
1
1
1
1
1
1
1
1
1
1
1
1
1
1
1
1
1
1
1
1
1
1
1
1
1
1
1
1
1
1
1
1
1
1
1
1
1
1
1
1
1
1
1
1
1
1
1
1
1
1
1
1
1
1
1
1
1
1
1
1
1
1
1
1
1
1
1
1
1
1
1
1
1
1
1
1
1
1
1
1
1
1
1
1
1
1
1
1
1
1
1
1
1
1
1
1
1
1
1
1
1
1
1
1
1
1
1
1
1
1
1
1
1
1
1
1
1
1
1
1
1
1
1
1
1
1
1
1
1
1
1
1
1
1
1
1
1
1
1
1
1
1
1
1
1
1
1
1
1
1
1
1
1
1
1
1
1
1
1
1
1
1
1
1
1
1
1
1
1
1
1
1
1
1
1
1
1
1
1
1
1
1
1
1
1
1
1
1
1
1
1
1
1
1
1
1
1
1
1
1
1
1
1
1
1
1
1
1
1
1
1
1
1
1
1
1
1
1
1
1
1
1
1
1
1
1
1
1
1
1
1
1
1
1
1
1
1
1
1
1
1
1
1
1
1
1
1
1
1
1
1
1
1
1
1
1
1
1
1
1
1
1
1
1
1
1
1
1
1
1
1
1
1
1
1
1
1
1
1
1
1
1
1
1
1
1
1
1
1
1
1
1
1
1
1
1
1
1
1
1
1
1
1
1
1
1
1
1
1
1
1
1
1
1
1
1
1
1
1
1
1
1
1
1
1
1
1
1
1
1
1
1
1
1
1
1
1
1
1
1
1
1
1
1
1
1
1
1
1
1
1
1
1
1
1
1
1
1
1
1
1
1
1
1
1
1
1
1
1
1
1
1
1
1
1
1
1
1
1
1
1
1
1
1
1
1
1
1
1
1
1
1
1
1
1
1
1
1
1
1
1
1
1
1
1
1
1
1
1
1
1
1
1
1
1
1
1
1
1
1
1
1
1
1
1
1
1
1
1
1
1
1
1
1
1
1
1
1
1
1
1
1
1
1
1
1
1
1
1
1
1
1
1
1
1
1
1
1
1
1
1
1
1
1
1
1
1
1
1
1
1
1
1
1
1
1
1
1
1
1
1
1
1
1
1
1
1
1
1
1
1
1
1
1
1
1
1
1
1
1
1
1
1
1
1
1
1
1
1
1
1
1
1
1
1
1
1
1
1
1
1
1
1
1
1
1
1
1
1
1
1
1
1
1
1
1
1
1
1
1
1
1
1
1
1
1
1
1
1
1
1
1
1
1
1
1
1
1
1
1
1
1
1
1
1
1
1
1
1
1
1
1
1
1
1
1
1
1
1
1
1
1
1
1
1
1
1
1
1
1
1
1
1
1
1
1
1
1
1
1
1
1
1
1
1
1
1
1
1
1
1
1
1
1
1
1
1
1
1
1
1
1
1
1
1
1
1
1
1
1
1
1
1
1
1
1
1
1
1
1
1
1
1
1
1
1
1
1
1
1
1
1
1
1
1
1
1
1
1
1
1
1
1
1
1
1
1
1
1
1
1
1
1
1
1
1
1
1
1
1
1
1
1
1
1
1
1
1
1
1
1
1
1
1
1
1
1
1
1
1
1
1
1
1
1
1
1
1
1
1
1
1
1
1
1
1
1
1
1
1
1
1
1
1
1
1
1
1
1
1
1
1
1
1
1
1
1
1
1
1
1
1
1
1
1
1
1
1
1
1
1
1
1
1
1
1
1
1
1
1
1
1
1
1
1
1
1
1
1
1
1
1
1
1
1
1
1
1
1
1
1
1
1
1
1
1
1
1
1
1
1
1
1
1
1
1
1
1
1
1
1
1
1
1
1
1
1
1
1
1
1
1
1
1
1
1
1
1
1
1
1
1
1
1
1
1
1
1
1
1
1
1
1
1
1
1
1
1
1
1
1
1
1
1
1
1
1
1
1
1
1
1
1
1
1
1
1
1
1
1
1
1
1
1
1
1
1
1
1
1
1
1
1
1
1
1
1
1
1
1
1
1
1
1
1
1
1
1
1
1
1
1
1
1
1
1
1
1
1
1
946 candidates
uiiii
here
Sum of entries in Q is  -0.02040816326530612
Multiplying Q took  0.014158964157104492 seconds
yeyye
Q sum is -0.02040816326530612
done reading documents
anchors are:
[0, 647]
[1, 812]
[2, 517]
[3, 116]
[4, 623]
[5, 285]
[6, 931]
[7, 518]
[8, 280]
[9, 560]
done recovering
[1] 100 946  10  50
[1] "Threshold: 0.00303485425877029"
[1] "0 words were thresholded (0%)"
[1] "946 words remain"
[1] "Start VH"
[1] "here it is 1"
[1] "Length set is 0 and dim(Y)[1]=946"
[1] "here it is 2"
[1] "Length set is 1 and dim(Y)[1]=946"
[1] "here it is 3"
[1] "Length set is 2 and dim(Y)[1]=946"
[1] "here it is 4"
[1] "Length set is 3 and dim(Y)[1]=946"
[1] "here it is 5"
[1] "Length set is 4 and dim(Y)[1]=946"
[1] "here it is 6"
[1] "Length set is 5 and dim(Y)[1]=946"
[1] "here it is 7"
[1] "Length set is 6 and dim(Y)[1]=946"
[1] "here it is 8"
[1] "Length set is 7 and dim(Y)[1]=946"
[1] "here it is 9"
[1] "Length set is 8 and dim(Y)[1]=946"
[1] "here it is 10"
[1] "Length set is 9 and dim(Y)[1]=946"
[1] "Start Step 3"
[1] "Start estimation of W"
[1] 111.8082
[1] 100 946  10  50
[1] "Threshold: 0.0151742712938515"
[1] "94 words were thresholded (9.93657505285412%)"
[1] "852 words remain"
[1] "Start VH"
[1] "here it is 1"
[1] "Length set is 0 and dim(Y)[1]=852"
[1] "here it is 2"
[1] "Length set is 1 and dim(Y)[1]=852"
[1] "here it is 3"
[1] "Length set is 2 and dim(Y)[1]=852"
[1] "here it is 4"
[1] "Length set is 3 and dim(Y)[1]=852"
[1] "here it is 5"
[1] "Length set is 4 and dim(Y)[1]=852"
[1] "here it is 6"
[1] "Length set is 5 and dim(Y)[1]=852"
[1] "here it is 7"
[1] "Length set is 6 and dim(Y)[1]=852"
[1] "here it is 8"
[1] "Length set is 7 and dim(Y)[1]=852"
[1] "here it is 9"
[1] "Length set is 8 and dim(Y)[1]=852"
[1] "here it is 10"
[1] "Length set is 9 and dim(Y)[1]=852"
[1] "Start Step 3"
[1] "Start estimation of W"
[1] 111.8082
[1] 100 946  10  50
[1] "Threshold: 0.0303485425877029"
[1] "324 words were thresholded (34.2494714587738%)"
[1] "622 words remain"
[1] "Start VH"
[1] "here it is 1"
[1] "Length set is 0 and dim(Y)[1]=622"
[1] "here it is 2"
[1] "Length set is 1 and dim(Y)[1]=622"
[1] "here it is 3"
[1] "Length set is 2 and dim(Y)[1]=622"
[1] "here it is 4"
[1] "Length set is 3 and dim(Y)[1]=622"
[1] "here it is 5"
[1] "Length set is 4 and dim(Y)[1]=622"
[1] "here it is 6"
[1] "Length set is 5 and dim(Y)[1]=622"
[1] "here it is 7"
[1] "Length set is 6 and dim(Y)[1]=622"
[1] "here it is 8"
[1] "Length set is 7 and dim(Y)[1]=622"
[1] "here it is 9"
[1] "Length set is 8 and dim(Y)[1]=622"
[1] "here it is 10"
[1] "Length set is 9 and dim(Y)[1]=622"
[1] "Start Step 3"
[1] "Start estimation of W"
[1] 111.8082
[1] 100 946  10  50
[1] "Threshold: 0.0606970851754059"
[1] "661 words were thresholded (69.8731501057082%)"
[1] "285 words remain"
[1] "Start VH"
[1] "here it is 1"
[1] "Length set is 0 and dim(Y)[1]=285"
[1] "here it is 2"
[1] "Length set is 1 and dim(Y)[1]=285"
[1] "here it is 3"
[1] "Length set is 2 and dim(Y)[1]=285"
[1] "here it is 4"
[1] "Length set is 3 and dim(Y)[1]=285"
[1] "here it is 5"
[1] "Length set is 4 and dim(Y)[1]=285"
[1] "here it is 6"
[1] "Length set is 5 and dim(Y)[1]=285"
[1] "here it is 7"
[1] "Length set is 6 and dim(Y)[1]=285"
[1] "here it is 8"
[1] "Length set is 7 and dim(Y)[1]=285"
[1] "here it is 9"
[1] "Length set is 8 and dim(Y)[1]=285"
[1] "here it is 10"
[1] "Length set is 9 and dim(Y)[1]=285"
[1] "Start Step 3"
[1] "Start estimation of W"
[1] 111.8082
[1] 100 946  10  50
[1] "Threshold: 0.121394170350812"
[1] "851 words were thresholded (89.9577167019027%)"
[1] "95 words remain"
[1] "Start VH"
[1] "here it is 1"
[1] "Length set is 0 and dim(Y)[1]=95"
[1] "here it is 2"
[1] "Length set is 1 and dim(Y)[1]=95"
[1] "here it is 3"
[1] "Length set is 2 and dim(Y)[1]=95"
[1] "here it is 4"
[1] "Length set is 3 and dim(Y)[1]=95"
[1] "here it is 5"
[1] "Length set is 4 and dim(Y)[1]=95"
[1] "here it is 6"
[1] "Length set is 5 and dim(Y)[1]=95"
[1] "here it is 7"
[1] "Length set is 6 and dim(Y)[1]=95"
[1] "here it is 8"
[1] "Length set is 7 and dim(Y)[1]=95"
[1] "here it is 9"
[1] "Length set is 8 and dim(Y)[1]=95"
[1] "here it is 10"
[1] "Length set is 9 and dim(Y)[1]=95"
[1] "Start Step 3"
[1] "Start estimation of W"
[1] 111.8082
[1] 100 946  10  50
[1] "Threshold: 0.242788340701623"
[1] "851 words were thresholded (89.9577167019027%)"
[1] "95 words remain"
[1] "Start VH"
[1] "here it is 1"
[1] "Length set is 0 and dim(Y)[1]=95"
[1] "here it is 2"
[1] "Length set is 1 and dim(Y)[1]=95"
[1] "here it is 3"
[1] "Length set is 2 and dim(Y)[1]=95"
[1] "here it is 4"
[1] "Length set is 3 and dim(Y)[1]=95"
[1] "here it is 5"
[1] "Length set is 4 and dim(Y)[1]=95"
[1] "here it is 6"
[1] "Length set is 5 and dim(Y)[1]=95"
[1] "here it is 7"
[1] "Length set is 6 and dim(Y)[1]=95"
[1] "here it is 8"
[1] "Length set is 7 and dim(Y)[1]=95"
[1] "here it is 9"
[1] "Length set is 8 and dim(Y)[1]=95"
[1] "here it is 10"
[1] "Length set is 9 and dim(Y)[1]=95"
[1] "Start Step 3"
[1] "Start estimation of W"
[1] 111.8082
