My SLURM_ARRAY_TASK_ID:  5
My SLURM_ARRAY_JOB_ID:  7663696
result file is 7663696_5_10
[1] "here"
[1] "Dim of data D = 100, 945"
[1] "Dim of data A = 945, 10"
[1] 100 945  10
[1] "Start VH"
[1] "here it is 1"
[1] "Length set is 0 and dim(Y)[1]=945"
[1] "yoho"
[1] "here it is 2"
[1] "Length set is 1 and dim(Y)[1]=942"
[1] "yoho"
[1] "here it is 3"
[1] "Length set is 2 and dim(Y)[1]=941"
[1] "yoho"
[1] "here it is 4"
[1] "Length set is 3 and dim(Y)[1]=938"
[1] "yoho"
[1] "here it is 5"
[1] "Length set is 4 and dim(Y)[1]=937"
[1] "yoho"
[1] "here it is 6"
[1] "Length set is 5 and dim(Y)[1]=936"
[1] "here it is 7"
[1] "Length set is 6 and dim(Y)[1]=936"
[1] "yoho"
[1] "here it is 8"
[1] "Length set is 7 and dim(Y)[1]=935"
[1] "here it is 9"
[1] "Length set is 8 and dim(Y)[1]=935"
[1] "yoho"
[1] "here it is 10"
[1] "Length set is 9 and dim(Y)[1]=934"
[1] "Start Step 3"
[1] "Start estimation of W"
[1] 643.968
[1] 14.96991

                            < M A T L A B (R) >
                  Copyright 1984-2023 The MathWorks, Inc.
             R2023a Update 3 (9.14.0.2286388) 64-bit (glnxa64)
                                May 25, 2023

 
To get started, type doc.
For product information, visit www.mathworks.com.
 

No of documents read:100
Thresholding on A
Elapsed time is 0.164975 seconds.
Computing SVD Projection
Elapsed time is 1.028368 seconds.
Performing k-means on columns of B_k
Elapsed time is 0.599312 seconds.
Performing Lloyds on B with centers from B_k clustering
Elapsed time is 0.020951 seconds.
Error occurred while running TSVD: cannot open the connection 
identifying candidate anchors
[47 46 50 49 49 47 49 47 49 48 45 47 46 50 49 47 50 50 46 48 49 48 50 48
 50 50 47 47 49 49 47 48 47 48 48 49 49 46 47 50 48 47 48 49 50 49 48 48
 50 47 50 49 49 48 48 44 50 46 50 48 48 50 49 48 49 50 49 49 49 46 49 49
 48 47 50 50 48 47 47 49 48 49 49 48 50 50 49 48 46 45 49 47 48 49 48 49
 49 48 48 49]
1
1
1
1
1
1
1
1
1
1
1
1
1
1
1
1
1
1
1
1
1
1
1
1
1
1
1
1
1
1
1
1
1
1
1
1
1
1
1
1
1
1
1
1
1
1
1
1
1
1
1
1
1
1
1
1
1
1
1
1
1
1
1
1
1
1
1
1
1
1
1
1
1
1
1
1
1
1
1
1
1
1
1
1
1
1
1
1
1
1
1
1
1
1
1
1
1
1
1
1
1
1
1
1
1
1
1
1
1
1
1
1
1
1
1
1
1
1
1
1
1
1
1
1
1
1
1
1
1
1
1
1
1
1
1
1
1
1
1
1
1
1
1
1
1
1
1
1
1
1
1
1
1
1
1
1
1
1
1
1
1
1
1
1
1
1
1
1
1
1
1
1
1
1
1
1
1
1
1
1
1
1
1
1
1
1
1
1
1
1
1
1
1
1
1
1
1
1
1
1
1
1
1
1
1
1
1
1
1
1
1
1
1
1
1
1
1
1
1
1
1
1
1
1
1
1
1
1
1
1
1
1
1
1
1
1
1
1
1
1
1
1
1
1
1
1
1
1
1
1
1
1
1
1
1
1
1
1
1
1
1
1
1
1
1
1
1
1
1
1
1
1
1
1
1
1
1
1
1
1
1
1
1
1
1
1
1
1
1
1
1
1
1
1
1
1
1
1
1
1
1
1
1
1
1
1
1
1
1
1
1
1
1
1
1
1
1
1
1
1
1
1
1
1
1
1
1
1
1
1
1
1
1
1
1
1
1
1
1
1
1
1
1
1
1
1
1
1
1
1
1
1
1
1
1
1
1
1
1
1
1
1
1
1
1
1
1
1
1
1
1
1
1
1
1
1
1
1
1
1
1
1
1
1
1
1
1
1
1
1
1
1
1
1
1
1
1
1
1
1
1
1
1
1
1
1
1
1
1
1
1
1
1
1
1
1
1
1
1
1
1
1
1
1
1
1
1
1
1
1
1
1
1
1
1
1
1
1
1
1
1
1
1
1
1
1
1
1
1
1
1
1
1
1
1
1
1
1
1
1
1
1
1
1
1
1
1
1
1
1
1
1
1
1
1
1
1
1
1
1
1
1
1
1
1
1
1
1
1
1
1
1
1
1
1
1
1
1
1
1
1
1
1
1
1
1
1
1
1
1
1
1
1
1
1
1
1
1
1
1
1
1
1
1
1
1
1
1
1
1
1
1
1
1
1
1
1
1
1
1
1
1
1
1
1
1
1
1
1
1
1
1
1
1
1
1
1
1
1
1
1
1
1
1
1
1
1
1
1
1
1
1
1
1
1
1
1
1
1
1
1
1
1
1
1
1
1
1
1
1
1
1
1
1
1
1
1
1
1
1
1
1
1
1
1
1
1
1
1
1
1
1
1
1
1
1
1
1
1
1
1
1
1
1
1
1
1
1
1
1
1
1
1
1
1
1
1
1
1
1
1
1
1
1
1
1
1
1
1
1
1
1
1
1
1
1
1
1
1
1
1
1
1
1
1
1
1
1
1
1
1
1
1
1
1
1
1
1
1
1
1
1
1
1
1
1
1
1
1
1
1
1
1
1
1
1
1
1
1
1
1
1
1
1
1
1
1
1
1
1
1
1
1
1
1
1
1
1
1
1
1
1
1
1
1
1
1
1
1
1
1
1
1
1
1
1
1
1
1
1
1
1
1
1
1
1
1
1
1
1
1
1
1
1
1
1
1
1
1
1
1
1
1
1
1
1
1
1
1
1
1
1
1
1
1
1
1
1
1
1
1
1
1
1
1
1
1
1
1
1
1
1
1
1
1
1
1
1
1
1
1
1
1
1
1
1
1
1
1
1
1
1
1
1
1
1
1
1
1
1
1
1
1
1
1
1
1
1
1
1
1
1
1
1
1
1
1
1
1
1
1
1
1
1
1
1
1
1
1
1
1
1
1
1
1
1
1
1
1
1
1
1
1
1
1
1
1
1
1
1
1
1
1
1
1
1
1
1
1
1
1
1
1
1
1
1
1
1
1
1
1
1
1
1
1
1
1
1
1
1
1
1
1
1
1
1
1
1
1
1
1
1
1
1
1
1
1
1
1
1
1
1
1
1
1
1
1
1
1
1
1
1
1
1
1
1
1
1
1
1
1
1
1
1
1
945 candidates
uiiii
here
Sum of entries in Q is  -0.02040816326530612
Multiplying Q took  0.013977289199829102 seconds
yeyye
Q sum is -0.02040816326530612
done reading documents
anchors are:
[0, 523]
[1, 877]
[2, 744]
[3, 361]
[4, 362]
[5, 469]
[6, 453]
[7, 884]
[8, 689]
[9, 480]
done recovering
[1] 100 945  10  50
[1] "Threshold: 0.00303485425877029"
[1] "0 words were thresholded (0%)"
[1] "945 words remain"
[1] "Start VH"
[1] "here it is 1"
[1] "Length set is 0 and dim(Y)[1]=945"
[1] "here it is 2"
[1] "Length set is 1 and dim(Y)[1]=945"
[1] "here it is 3"
[1] "Length set is 2 and dim(Y)[1]=945"
[1] "here it is 4"
[1] "Length set is 3 and dim(Y)[1]=945"
[1] "here it is 5"
[1] "Length set is 4 and dim(Y)[1]=945"
[1] "here it is 6"
[1] "Length set is 5 and dim(Y)[1]=945"
[1] "here it is 7"
[1] "Length set is 6 and dim(Y)[1]=945"
[1] "here it is 8"
[1] "Length set is 7 and dim(Y)[1]=945"
[1] "here it is 9"
[1] "Length set is 8 and dim(Y)[1]=945"
[1] "here it is 10"
[1] "Length set is 9 and dim(Y)[1]=945"
[1] "Start Step 3"
[1] "Start estimation of W"
[1] 111.8082
[1] 100 945  10  50
[1] "Threshold: 0.0151742712938515"
[1] "91 words were thresholded (9.62962962962963%)"
[1] "854 words remain"
[1] "Start VH"
[1] "here it is 1"
[1] "Length set is 0 and dim(Y)[1]=854"
[1] "here it is 2"
[1] "Length set is 1 and dim(Y)[1]=854"
[1] "here it is 3"
[1] "Length set is 2 and dim(Y)[1]=854"
[1] "here it is 4"
[1] "Length set is 3 and dim(Y)[1]=854"
[1] "here it is 5"
[1] "Length set is 4 and dim(Y)[1]=854"
[1] "here it is 6"
[1] "Length set is 5 and dim(Y)[1]=854"
[1] "here it is 7"
[1] "Length set is 6 and dim(Y)[1]=854"
[1] "here it is 8"
[1] "Length set is 7 and dim(Y)[1]=854"
[1] "here it is 9"
[1] "Length set is 8 and dim(Y)[1]=854"
[1] "here it is 10"
[1] "Length set is 9 and dim(Y)[1]=854"
[1] "Start Step 3"
[1] "Start estimation of W"
[1] 111.8082
[1] 100 945  10  50
[1] "Threshold: 0.0303485425877029"
[1] "330 words were thresholded (34.9206349206349%)"
[1] "615 words remain"
[1] "Start VH"
[1] "here it is 1"
[1] "Length set is 0 and dim(Y)[1]=615"
[1] "here it is 2"
[1] "Length set is 1 and dim(Y)[1]=615"
[1] "here it is 3"
[1] "Length set is 2 and dim(Y)[1]=615"
[1] "here it is 4"
[1] "Length set is 3 and dim(Y)[1]=615"
[1] "here it is 5"
[1] "Length set is 4 and dim(Y)[1]=615"
[1] "here it is 6"
[1] "Length set is 5 and dim(Y)[1]=615"
[1] "here it is 7"
[1] "Length set is 6 and dim(Y)[1]=615"
[1] "here it is 8"
[1] "Length set is 7 and dim(Y)[1]=615"
[1] "here it is 9"
[1] "Length set is 8 and dim(Y)[1]=615"
[1] "here it is 10"
[1] "Length set is 9 and dim(Y)[1]=615"
[1] "Start Step 3"
[1] "Start estimation of W"
[1] 111.8082
[1] 100 945  10  50
[1] "Threshold: 0.0606970851754059"
[1] "659 words were thresholded (69.7354497354497%)"
[1] "286 words remain"
[1] "Start VH"
[1] "here it is 1"
[1] "Length set is 0 and dim(Y)[1]=286"
[1] "here it is 2"
[1] "Length set is 1 and dim(Y)[1]=286"
[1] "here it is 3"
[1] "Length set is 2 and dim(Y)[1]=286"
[1] "here it is 4"
[1] "Length set is 3 and dim(Y)[1]=286"
[1] "here it is 5"
[1] "Length set is 4 and dim(Y)[1]=286"
[1] "here it is 6"
[1] "Length set is 5 and dim(Y)[1]=286"
[1] "here it is 7"
[1] "Length set is 6 and dim(Y)[1]=286"
[1] "here it is 8"
[1] "Length set is 7 and dim(Y)[1]=286"
[1] "here it is 9"
[1] "Length set is 8 and dim(Y)[1]=286"
[1] "here it is 10"
[1] "Length set is 9 and dim(Y)[1]=286"
[1] "Start Step 3"
[1] "Start estimation of W"
[1] 111.8082
[1] 100 945  10  50
[1] "Threshold: 0.121394170350812"
[1] "850 words were thresholded (89.9470899470899%)"
[1] "95 words remain"
[1] "Start VH"
[1] "here it is 1"
[1] "Length set is 0 and dim(Y)[1]=95"
[1] "here it is 2"
[1] "Length set is 1 and dim(Y)[1]=95"
[1] "here it is 3"
[1] "Length set is 2 and dim(Y)[1]=95"
[1] "here it is 4"
[1] "Length set is 3 and dim(Y)[1]=95"
[1] "here it is 5"
[1] "Length set is 4 and dim(Y)[1]=95"
[1] "here it is 6"
[1] "Length set is 5 and dim(Y)[1]=95"
[1] "here it is 7"
[1] "Length set is 6 and dim(Y)[1]=95"
[1] "here it is 8"
[1] "Length set is 7 and dim(Y)[1]=95"
[1] "here it is 9"
[1] "Length set is 8 and dim(Y)[1]=95"
[1] "here it is 10"
[1] "Length set is 9 and dim(Y)[1]=95"
[1] "Start Step 3"
[1] "Start estimation of W"
[1] 111.8082
[1] 100 945  10  50
[1] "Threshold: 0.242788340701623"
[1] "850 words were thresholded (89.9470899470899%)"
[1] "95 words remain"
[1] "Start VH"
[1] "here it is 1"
[1] "Length set is 0 and dim(Y)[1]=95"
[1] "here it is 2"
[1] "Length set is 1 and dim(Y)[1]=95"
[1] "here it is 3"
[1] "Length set is 2 and dim(Y)[1]=95"
[1] "here it is 4"
[1] "Length set is 3 and dim(Y)[1]=95"
[1] "here it is 5"
[1] "Length set is 4 and dim(Y)[1]=95"
[1] "here it is 6"
[1] "Length set is 5 and dim(Y)[1]=95"
[1] "here it is 7"
[1] "Length set is 6 and dim(Y)[1]=95"
[1] "here it is 8"
[1] "Length set is 7 and dim(Y)[1]=95"
[1] "here it is 9"
[1] "Length set is 8 and dim(Y)[1]=95"
[1] "here it is 10"
[1] "Length set is 9 and dim(Y)[1]=95"
[1] "Start Step 3"
[1] "Start estimation of W"
[1] 111.8082
