Loading required package: NLP
R.matlab v3.7.0 (2022-08-25 21:52:34 UTC) successfully loaded. See ?R.matlab for help.

Attaching package: ‘R.matlab’

The following objects are masked from ‘package:base’:

    getOption, isOpen

Warning: ‘timedatectl’ indicates the non-existent timezone name ‘n/a’
unable to deduce timezone name from ‘America/Chicago’
── Attaching core tidyverse packages ──────────────────────── tidyverse 2.0.0 ──
✔ dplyr     1.1.2     ✔ readr     2.1.4
✔ forcats   1.0.0     ✔ stringr   1.5.0
✔ ggplot2   3.4.2     ✔ tibble    3.2.1
✔ lubridate 1.9.2     ✔ tidyr     1.3.0
✔ purrr     1.0.1     
── Conflicts ────────────────────────────────────────── tidyverse_conflicts() ──
✖ ggplot2::annotate() masks NLP::annotate()
✖ dplyr::filter()     masks stats::filter()
✖ dplyr::lag()        masks stats::lag()
ℹ Use the conflicted package (<http://conflicted.r-lib.org/>) to force all conflicts to become errors

Attaching package: ‘Matrix’

The following object is masked _by_ ‘.GlobalEnv’:

    nearPD

The following objects are masked from ‘package:tidyr’:

    expand, pack, unpack


Attaching package: ‘combinat’

The following object is masked from ‘package:utils’:

    combn

Loading required package: stats4
Loading required package: splines
{Error using *
MTIMES (*) is not fully supported for integer classes. At least one argument
must be scalar.

Error in TSVD (line 153)
A = A*spdiags(1./sum(A,1)',0,d,d); %normalized A
} 
Error in noise_generation : object 'noise_generation' not found
In addition: Warning message:
In file(con, open = "rb") :
  cannot open file '/scratch/midway3/cdonnat/topic-modeling/r/experiments/temporary/exp_n100-K10-p1000-id497388arr-result.mat': No such file or directory
Execution halted
