My SLURM_ARRAY_TASK_ID:  3
My SLURM_ARRAY_JOB_ID:  7663696
result file is 7663696_3_10
[1] "here"
[1] "Dim of data D = 100, 945"
[1] "Dim of data A = 945, 10"
[1] 100 945  10
[1] "Start VH"
[1] "here it is 1"
[1] "Length set is 0 and dim(Y)[1]=945"
[1] "yoho"
[1] "here it is 2"
[1] "Length set is 1 and dim(Y)[1]=942"
[1] "yoho"
[1] "here it is 3"
[1] "Length set is 2 and dim(Y)[1]=940"
[1] "here it is 4"
[1] "Length set is 3 and dim(Y)[1]=940"
[1] "yoho"
[1] "here it is 5"
[1] "Length set is 4 and dim(Y)[1]=939"
[1] "yoho"
[1] "here it is 6"
[1] "Length set is 5 and dim(Y)[1]=937"
[1] "yoho"
[1] "here it is 7"
[1] "Length set is 6 and dim(Y)[1]=936"
[1] "yoho"
[1] "here it is 8"
[1] "Length set is 7 and dim(Y)[1]=934"
[1] "yoho"
[1] "here it is 9"
[1] "Length set is 8 and dim(Y)[1]=933"
[1] "here it is 10"
[1] "Length set is 9 and dim(Y)[1]=933"
[1] "Start Step 3"
[1] "Start estimation of W"
[1] 643.968
[1] 14.96991

                            < M A T L A B (R) >
                  Copyright 1984-2023 The MathWorks, Inc.
             R2023a Update 3 (9.14.0.2286388) 64-bit (glnxa64)
                                May 25, 2023

 
To get started, type doc.
For product information, visit www.mathworks.com.
 

No of documents read:100
Thresholding on A
Elapsed time is 0.164266 seconds.
Computing SVD Projection
Elapsed time is 1.024216 seconds.
Performing k-means on columns of B_k
Elapsed time is 0.627953 seconds.
Performing Lloyds on B with centers from B_k clustering
Elapsed time is 0.027615 seconds.
Error occurred while running TSVD: cannot open the connection 
identifying candidate anchors
[49 46 49 50 48 47 49 49 48 47 46 48 48 46 47 50 45 49 49 48 48 47 49 50
 50 50 47 49 49 49 50 49 49 50 50 48 47 49 46 48 48 50 48 48 50 49 44 50
 47 47 50 47 48 48 48 49 47 48 50 47 46 47 50 49 49 48 49 48 49 48 46 49
 49 50 49 48 49 46 50 47 49 49 49 49 49 48 47 49 50 48 49 49 50 47 46 50
 50 49 49 49]
1
1
1
1
1
1
1
1
1
1
1
1
1
1
1
1
1
1
1
1
1
1
1
1
1
1
1
1
1
1
1
1
1
1
1
1
1
1
1
1
1
1
1
1
1
1
1
1
1
1
1
1
1
1
1
1
1
1
1
1
1
1
1
1
1
1
1
1
1
1
1
1
1
1
1
1
1
1
1
1
1
1
1
1
1
1
1
1
1
1
1
1
1
1
1
1
1
1
1
1
1
1
1
1
1
1
1
1
1
1
1
1
1
1
1
1
1
1
1
1
1
1
1
1
1
1
1
1
1
1
1
1
1
1
1
1
1
1
1
1
1
1
1
1
1
1
1
1
1
1
1
1
1
1
1
1
1
1
1
1
1
1
1
1
1
1
1
1
1
1
1
1
1
1
1
1
1
1
1
1
1
1
1
1
1
1
1
1
1
1
1
1
1
1
1
1
1
1
1
1
1
1
1
1
1
1
1
1
1
1
1
1
1
1
1
1
1
1
1
1
1
1
1
1
1
1
1
1
1
1
1
1
1
1
1
1
1
1
1
1
1
1
1
1
1
1
1
1
1
1
1
1
1
1
1
1
1
1
1
1
1
1
1
1
1
1
1
1
1
1
1
1
1
1
1
1
1
1
1
1
1
1
1
1
1
1
1
1
1
1
1
1
1
1
1
1
1
1
1
1
1
1
1
1
1
1
1
1
1
1
1
1
1
1
1
1
1
1
1
1
1
1
1
1
1
1
1
1
1
1
1
1
1
1
1
1
1
1
1
1
1
1
1
1
1
1
1
1
1
1
1
1
1
1
1
1
1
1
1
1
1
1
1
1
1
1
1
1
1
1
1
1
1
1
1
1
1
1
1
1
1
1
1
1
1
1
1
1
1
1
1
1
1
1
1
1
1
1
1
1
1
1
1
1
1
1
1
1
1
1
1
1
1
1
1
1
1
1
1
1
1
1
1
1
1
1
1
1
1
1
1
1
1
1
1
1
1
1
1
1
1
1
1
1
1
1
1
1
1
1
1
1
1
1
1
1
1
1
1
1
1
1
1
1
1
1
1
1
1
1
1
1
1
1
1
1
1
1
1
1
1
1
1
1
1
1
1
1
1
1
1
1
1
1
1
1
1
1
1
1
1
1
1
1
1
1
1
1
1
1
1
1
1
1
1
1
1
1
1
1
1
1
1
1
1
1
1
1
1
1
1
1
1
1
1
1
1
1
1
1
1
1
1
1
1
1
1
1
1
1
1
1
1
1
1
1
1
1
1
1
1
1
1
1
1
1
1
1
1
1
1
1
1
1
1
1
1
1
1
1
1
1
1
1
1
1
1
1
1
1
1
1
1
1
1
1
1
1
1
1
1
1
1
1
1
1
1
1
1
1
1
1
1
1
1
1
1
1
1
1
1
1
1
1
1
1
1
1
1
1
1
1
1
1
1
1
1
1
1
1
1
1
1
1
1
1
1
1
1
1
1
1
1
1
1
1
1
1
1
1
1
1
1
1
1
1
1
1
1
1
1
1
1
1
1
1
1
1
1
1
1
1
1
1
1
1
1
1
1
1
1
1
1
1
1
1
1
1
1
1
1
1
1
1
1
1
1
1
1
1
1
1
1
1
1
1
1
1
1
1
1
1
1
1
1
1
1
1
1
1
1
1
1
1
1
1
1
1
1
1
1
1
1
1
1
1
1
1
1
1
1
1
1
1
1
1
1
1
1
1
1
1
1
1
1
1
1
1
1
1
1
1
1
1
1
1
1
1
1
1
1
1
1
1
1
1
1
1
1
1
1
1
1
1
1
1
1
1
1
1
1
1
1
1
1
1
1
1
1
1
1
1
1
1
1
1
1
1
1
1
1
1
1
1
1
1
1
1
1
1
1
1
1
1
1
1
1
1
1
1
1
1
1
1
1
1
1
1
1
1
1
1
1
1
1
1
1
1
1
1
1
1
1
1
1
1
1
1
1
1
1
1
1
1
1
1
1
1
1
1
1
1
1
1
1
1
1
1
1
1
1
1
1
1
1
1
1
1
1
1
1
1
1
1
1
1
1
1
1
1
1
1
1
1
1
1
1
1
1
1
1
1
1
1
1
1
1
1
1
1
1
1
1
1
1
1
1
1
1
1
1
1
1
1
1
945 candidates
uiiii
here
Sum of entries in Q is  -0.020408163265306124
Multiplying Q took  0.014419794082641602 seconds
yeyye
Q sum is -0.020408163265306124
done reading documents
anchors are:
[0, 524]
[1, 876]
[2, 744]
[3, 363]
[4, 364]
[5, 470]
[6, 454]
[7, 883]
[8, 689]
[9, 481]
done recovering
[1] 100 945  10  50
[1] "Threshold: 0.00303485425877029"
[1] "0 words were thresholded (0%)"
[1] "945 words remain"
[1] "Start VH"
[1] "here it is 1"
[1] "Length set is 0 and dim(Y)[1]=945"
[1] "here it is 2"
[1] "Length set is 1 and dim(Y)[1]=945"
[1] "here it is 3"
[1] "Length set is 2 and dim(Y)[1]=945"
[1] "here it is 4"
[1] "Length set is 3 and dim(Y)[1]=945"
[1] "here it is 5"
[1] "Length set is 4 and dim(Y)[1]=945"
[1] "here it is 6"
[1] "Length set is 5 and dim(Y)[1]=945"
[1] "here it is 7"
[1] "Length set is 6 and dim(Y)[1]=945"
[1] "here it is 8"
[1] "Length set is 7 and dim(Y)[1]=945"
[1] "here it is 9"
[1] "Length set is 8 and dim(Y)[1]=945"
[1] "here it is 10"
[1] "Length set is 9 and dim(Y)[1]=945"
[1] "Start Step 3"
[1] "Start estimation of W"
[1] 111.8082
[1] 100 945  10  50
[1] "Threshold: 0.0151742712938515"
[1] "73 words were thresholded (7.72486772486772%)"
[1] "872 words remain"
[1] "Start VH"
[1] "here it is 1"
[1] "Length set is 0 and dim(Y)[1]=872"
[1] "here it is 2"
[1] "Length set is 1 and dim(Y)[1]=872"
[1] "here it is 3"
[1] "Length set is 2 and dim(Y)[1]=872"
[1] "here it is 4"
[1] "Length set is 3 and dim(Y)[1]=872"
[1] "here it is 5"
[1] "Length set is 4 and dim(Y)[1]=872"
[1] "here it is 6"
[1] "Length set is 5 and dim(Y)[1]=872"
[1] "here it is 7"
[1] "Length set is 6 and dim(Y)[1]=872"
[1] "here it is 8"
[1] "Length set is 7 and dim(Y)[1]=872"
[1] "here it is 9"
[1] "Length set is 8 and dim(Y)[1]=872"
[1] "here it is 10"
[1] "Length set is 9 and dim(Y)[1]=872"
[1] "Start Step 3"
[1] "Start estimation of W"
[1] 111.8082
[1] 100 945  10  50
[1] "Threshold: 0.0303485425877029"
[1] "312 words were thresholded (33.015873015873%)"
[1] "633 words remain"
[1] "Start VH"
[1] "here it is 1"
[1] "Length set is 0 and dim(Y)[1]=633"
[1] "here it is 2"
[1] "Length set is 1 and dim(Y)[1]=633"
[1] "here it is 3"
[1] "Length set is 2 and dim(Y)[1]=633"
[1] "here it is 4"
[1] "Length set is 3 and dim(Y)[1]=633"
[1] "here it is 5"
[1] "Length set is 4 and dim(Y)[1]=633"
[1] "here it is 6"
[1] "Length set is 5 and dim(Y)[1]=633"
[1] "here it is 7"
[1] "Length set is 6 and dim(Y)[1]=633"
[1] "here it is 8"
[1] "Length set is 7 and dim(Y)[1]=633"
[1] "here it is 9"
[1] "Length set is 8 and dim(Y)[1]=633"
[1] "here it is 10"
[1] "Length set is 9 and dim(Y)[1]=633"
[1] "Start Step 3"
[1] "Start estimation of W"
[1] 111.8082
[1] 100 945  10  50
[1] "Threshold: 0.0606970851754059"
[1] "655 words were thresholded (69.3121693121693%)"
[1] "290 words remain"
[1] "Start VH"
[1] "here it is 1"
[1] "Length set is 0 and dim(Y)[1]=290"
[1] "here it is 2"
[1] "Length set is 1 and dim(Y)[1]=290"
[1] "here it is 3"
[1] "Length set is 2 and dim(Y)[1]=290"
[1] "here it is 4"
[1] "Length set is 3 and dim(Y)[1]=290"
[1] "here it is 5"
[1] "Length set is 4 and dim(Y)[1]=290"
[1] "here it is 6"
[1] "Length set is 5 and dim(Y)[1]=290"
[1] "here it is 7"
[1] "Length set is 6 and dim(Y)[1]=290"
[1] "here it is 8"
[1] "Length set is 7 and dim(Y)[1]=290"
[1] "here it is 9"
[1] "Length set is 8 and dim(Y)[1]=290"
[1] "here it is 10"
[1] "Length set is 9 and dim(Y)[1]=290"
[1] "Start Step 3"
[1] "Start estimation of W"
[1] 111.8082
[1] 100 945  10  50
[1] "Threshold: 0.121394170350812"
[1] "850 words were thresholded (89.9470899470899%)"
[1] "95 words remain"
[1] "Start VH"
[1] "here it is 1"
[1] "Length set is 0 and dim(Y)[1]=95"
[1] "here it is 2"
[1] "Length set is 1 and dim(Y)[1]=95"
[1] "here it is 3"
[1] "Length set is 2 and dim(Y)[1]=95"
[1] "here it is 4"
[1] "Length set is 3 and dim(Y)[1]=95"
[1] "here it is 5"
[1] "Length set is 4 and dim(Y)[1]=95"
[1] "here it is 6"
[1] "Length set is 5 and dim(Y)[1]=95"
[1] "here it is 7"
[1] "Length set is 6 and dim(Y)[1]=95"
[1] "here it is 8"
[1] "Length set is 7 and dim(Y)[1]=95"
[1] "here it is 9"
[1] "Length set is 8 and dim(Y)[1]=95"
[1] "here it is 10"
[1] "Length set is 9 and dim(Y)[1]=95"
[1] "Start Step 3"
[1] "Start estimation of W"
[1] 111.8082
[1] 100 945  10  50
[1] "Threshold: 0.242788340701623"
[1] "850 words were thresholded (89.9470899470899%)"
[1] "95 words remain"
[1] "Start VH"
[1] "here it is 1"
[1] "Length set is 0 and dim(Y)[1]=95"
[1] "here it is 2"
[1] "Length set is 1 and dim(Y)[1]=95"
[1] "here it is 3"
[1] "Length set is 2 and dim(Y)[1]=95"
[1] "here it is 4"
[1] "Length set is 3 and dim(Y)[1]=95"
[1] "here it is 5"
[1] "Length set is 4 and dim(Y)[1]=95"
[1] "here it is 6"
[1] "Length set is 5 and dim(Y)[1]=95"
[1] "here it is 7"
[1] "Length set is 6 and dim(Y)[1]=95"
[1] "here it is 8"
[1] "Length set is 7 and dim(Y)[1]=95"
[1] "here it is 9"
[1] "Length set is 8 and dim(Y)[1]=95"
[1] "here it is 10"
[1] "Length set is 9 and dim(Y)[1]=95"
[1] "Start Step 3"
[1] "Start estimation of W"
[1] 111.8082
