My SLURM_ARRAY_TASK_ID:  4
My SLURM_ARRAY_JOB_ID:  7663696
result file is 7663696_4_10
[1] "here"
[1] "Dim of data D = 100, 961"
[1] "Dim of data A = 961, 10"
[1] 100 961  10
[1] "Start VH"
[1] "here it is 1"
[1] "Length set is 0 and dim(Y)[1]=961"
[1] "yoho"
[1] "here it is 2"
[1] "Length set is 1 and dim(Y)[1]=959"
[1] "yoho"
[1] "here it is 3"
[1] "Length set is 2 and dim(Y)[1]=956"
[1] "yoho"
[1] "here it is 4"
[1] "Length set is 3 and dim(Y)[1]=953"
[1] "yoho"
[1] "here it is 5"
[1] "Length set is 4 and dim(Y)[1]=952"
[1] "yoho"
[1] "here it is 6"
[1] "Length set is 5 and dim(Y)[1]=950"
[1] "yoho"
[1] "here it is 7"
[1] "Length set is 6 and dim(Y)[1]=949"
[1] "yoho"
[1] "here it is 8"
[1] "Length set is 7 and dim(Y)[1]=948"
[1] "yoho"
[1] "here it is 9"
[1] "Length set is 8 and dim(Y)[1]=947"
[1] "yoho"
[1] "here it is 10"
[1] "Length set is 9 and dim(Y)[1]=945"
[1] "Start Step 3"
[1] "Start estimation of W"
[1] 643.968
[1] 14.96991

                            < M A T L A B (R) >
                  Copyright 1984-2023 The MathWorks, Inc.
             R2023a Update 3 (9.14.0.2286388) 64-bit (glnxa64)
                                May 25, 2023

 
To get started, type doc.
For product information, visit www.mathworks.com.
 

No of documents read:100
Thresholding on A
Elapsed time is 0.164330 seconds.
Computing SVD Projection
Elapsed time is 1.023804 seconds.
Performing k-means on columns of B_k
Elapsed time is 0.645718 seconds.
Performing Lloyds on B with centers from B_k clustering
Elapsed time is 0.025483 seconds.
Error occurred while running TSVD: cannot open the connection 
identifying candidate anchors
[48 49 48 50 48 47 47 48 48 48 49 50 50 50 48 49 49 48 48 49 48 49 49 49
 50 49 50 48 49 48 47 49 47 48 48 49 46 49 47 49 50 49 48 49 49 49 49 48
 49 49 48 48 48 47 48 50 45 49 48 45 49 50 46 48 50 48 49 46 46 49 49 48
 49 47 48 47 49 50 50 49 50 46 50 50 48 48 47 48 47 48 46 50 47 50 50 50
 46 49 49 49]
1
1
1
1
1
1
1
1
1
1
1
1
1
1
1
1
1
1
1
1
1
1
1
1
1
1
1
1
1
1
1
1
1
1
1
1
1
1
1
1
1
1
1
1
1
1
1
1
1
1
1
1
1
1
1
1
1
1
1
1
1
1
1
1
1
1
1
1
1
1
1
1
1
1
1
1
1
1
1
1
1
1
1
1
1
1
1
1
1
1
1
1
1
1
1
1
1
1
1
1
1
1
1
1
1
1
1
1
1
1
1
1
1
1
1
1
1
1
1
1
1
1
1
1
1
1
1
1
1
1
1
1
1
1
1
1
1
1
1
1
1
1
1
1
1
1
1
1
1
1
1
1
1
1
1
1
1
1
1
1
1
1
1
1
1
1
1
1
1
1
1
1
1
1
1
1
1
1
1
1
1
1
1
1
1
1
1
1
1
1
1
1
1
1
1
1
1
1
1
1
1
1
1
1
1
1
1
1
1
1
1
1
1
1
1
1
1
1
1
1
1
1
1
1
1
1
1
1
1
1
1
1
1
1
1
1
1
1
1
1
1
1
1
1
1
1
1
1
1
1
1
1
1
1
1
1
1
1
1
1
1
1
1
1
1
1
1
1
1
1
1
1
1
1
1
1
1
1
1
1
1
1
1
1
1
1
1
1
1
1
1
1
1
1
1
1
1
1
1
1
1
1
1
1
1
1
1
1
1
1
1
1
1
1
1
1
1
1
1
1
1
1
1
1
1
1
1
1
1
1
1
1
1
1
1
1
1
1
1
1
1
1
1
1
1
1
1
1
1
1
1
1
1
1
1
1
1
1
1
1
1
1
1
1
1
1
1
1
1
1
1
1
1
1
1
1
1
1
1
1
1
1
1
1
1
1
1
1
1
1
1
1
1
1
1
1
1
1
1
1
1
1
1
1
1
1
1
1
1
1
1
1
1
1
1
1
1
1
1
1
1
1
1
1
1
1
1
1
1
1
1
1
1
1
1
1
1
1
1
1
1
1
1
1
1
1
1
1
1
1
1
1
1
1
1
1
1
1
1
1
1
1
1
1
1
1
1
1
1
1
1
1
1
1
1
1
1
1
1
1
1
1
1
1
1
1
1
1
1
1
1
1
1
1
1
1
1
1
1
1
1
1
1
1
1
1
1
1
1
1
1
1
1
1
1
1
1
1
1
1
1
1
1
1
1
1
1
1
1
1
1
1
1
1
1
1
1
1
1
1
1
1
1
1
1
1
1
1
1
1
1
1
1
1
1
1
1
1
1
1
1
1
1
1
1
1
1
1
1
1
1
1
1
1
1
1
1
1
1
1
1
1
1
1
1
1
1
1
1
1
1
1
1
1
1
1
1
1
1
1
1
1
1
1
1
1
1
1
1
1
1
1
1
1
1
1
1
1
1
1
1
1
1
1
1
1
1
1
1
1
1
1
1
1
1
1
1
1
1
1
1
1
1
1
1
1
1
1
1
1
1
1
1
1
1
1
1
1
1
1
1
1
1
1
1
1
1
1
1
1
1
1
1
1
1
1
1
1
1
1
1
1
1
1
1
1
1
1
1
1
1
1
1
1
1
1
1
1
1
1
1
1
1
1
1
1
1
1
1
1
1
1
1
1
1
1
1
1
1
1
1
1
1
1
1
1
1
1
1
1
1
1
1
1
1
1
1
1
1
1
1
1
1
1
1
1
1
1
1
1
1
1
1
1
1
1
1
1
1
1
1
1
1
1
1
1
1
1
1
1
1
1
1
1
1
1
1
1
1
1
1
1
1
1
1
1
1
1
1
1
1
1
1
1
1
1
1
1
1
1
1
1
1
1
1
1
1
1
1
1
1
1
1
1
1
1
1
1
1
1
1
1
1
1
1
1
1
1
1
1
1
1
1
1
1
1
1
1
1
1
1
1
1
1
1
1
1
1
1
1
1
1
1
1
1
1
1
1
1
1
1
1
1
1
1
1
1
1
1
1
1
1
1
1
1
1
1
1
1
1
1
1
1
1
1
1
1
1
1
1
1
1
1
1
1
1
1
1
1
1
1
1
1
1
1
1
1
1
1
1
1
1
1
1
1
1
1
1
1
1
1
1
1
1
1
1
1
1
1
1
1
1
1
1
1
1
1
1
1
1
1
1
1
1
1
1
1
1
1
1
1
1
1
1
1
1
1
1
1
1
1
961 candidates
uiiii
here
Sum of entries in Q is  -0.020408163265306117
Multiplying Q took  0.014351367950439453 seconds
yeyye
Q sum is -0.020408163265306117
done reading documents
anchors are:
[0, 652]
[1, 528]
[2, 247]
[3, 648]
[4, 586]
[5, 292]
[6, 101]
[7, 726]
[8, 470]
[9, 525]
done recovering
[1] 100 961  10  50
[1] "Threshold: 0.00303485425877029"
[1] "0 words were thresholded (0%)"
[1] "961 words remain"
[1] "Start VH"
[1] "here it is 1"
[1] "Length set is 0 and dim(Y)[1]=961"
[1] "here it is 2"
[1] "Length set is 1 and dim(Y)[1]=961"
[1] "here it is 3"
[1] "Length set is 2 and dim(Y)[1]=961"
[1] "here it is 4"
[1] "Length set is 3 and dim(Y)[1]=961"
[1] "here it is 5"
[1] "Length set is 4 and dim(Y)[1]=961"
[1] "here it is 6"
[1] "Length set is 5 and dim(Y)[1]=961"
[1] "here it is 7"
[1] "Length set is 6 and dim(Y)[1]=961"
[1] "here it is 8"
[1] "Length set is 7 and dim(Y)[1]=961"
[1] "here it is 9"
[1] "Length set is 8 and dim(Y)[1]=961"
[1] "here it is 10"
[1] "Length set is 9 and dim(Y)[1]=961"
[1] "Start Step 3"
[1] "Start estimation of W"
[1] 111.8082
[1] 100 961  10  50
[1] "Threshold: 0.0151742712938515"
[1] "101 words were thresholded (10.5098855359001%)"
[1] "860 words remain"
[1] "Start VH"
[1] "here it is 1"
[1] "Length set is 0 and dim(Y)[1]=860"
[1] "here it is 2"
[1] "Length set is 1 and dim(Y)[1]=860"
[1] "here it is 3"
[1] "Length set is 2 and dim(Y)[1]=860"
[1] "here it is 4"
[1] "Length set is 3 and dim(Y)[1]=860"
[1] "here it is 5"
[1] "Length set is 4 and dim(Y)[1]=860"
[1] "here it is 6"
[1] "Length set is 5 and dim(Y)[1]=860"
[1] "here it is 7"
[1] "Length set is 6 and dim(Y)[1]=860"
[1] "here it is 8"
[1] "Length set is 7 and dim(Y)[1]=860"
[1] "here it is 9"
[1] "Length set is 8 and dim(Y)[1]=860"
[1] "here it is 10"
[1] "Length set is 9 and dim(Y)[1]=860"
[1] "Start Step 3"
[1] "Start estimation of W"
[1] 111.8082
[1] 100 961  10  50
[1] "Threshold: 0.0303485425877029"
[1] "341 words were thresholded (35.4838709677419%)"
[1] "620 words remain"
[1] "Start VH"
[1] "here it is 1"
[1] "Length set is 0 and dim(Y)[1]=620"
[1] "here it is 2"
[1] "Length set is 1 and dim(Y)[1]=620"
[1] "here it is 3"
[1] "Length set is 2 and dim(Y)[1]=620"
[1] "here it is 4"
[1] "Length set is 3 and dim(Y)[1]=620"
[1] "here it is 5"
[1] "Length set is 4 and dim(Y)[1]=620"
[1] "here it is 6"
[1] "Length set is 5 and dim(Y)[1]=620"
[1] "here it is 7"
[1] "Length set is 6 and dim(Y)[1]=620"
[1] "here it is 8"
[1] "Length set is 7 and dim(Y)[1]=620"
[1] "here it is 9"
[1] "Length set is 8 and dim(Y)[1]=620"
[1] "here it is 10"
[1] "Length set is 9 and dim(Y)[1]=620"
[1] "Start Step 3"
[1] "Start estimation of W"
[1] 111.8082
[1] 100 961  10  50
[1] "Threshold: 0.0606970851754059"
[1] "678 words were thresholded (70.5515088449532%)"
[1] "283 words remain"
[1] "Start VH"
[1] "here it is 1"
[1] "Length set is 0 and dim(Y)[1]=283"
[1] "here it is 2"
[1] "Length set is 1 and dim(Y)[1]=283"
[1] "here it is 3"
[1] "Length set is 2 and dim(Y)[1]=283"
[1] "here it is 4"
[1] "Length set is 3 and dim(Y)[1]=283"
[1] "here it is 5"
[1] "Length set is 4 and dim(Y)[1]=283"
[1] "here it is 6"
[1] "Length set is 5 and dim(Y)[1]=283"
[1] "here it is 7"
[1] "Length set is 6 and dim(Y)[1]=283"
[1] "here it is 8"
[1] "Length set is 7 and dim(Y)[1]=283"
[1] "here it is 9"
[1] "Length set is 8 and dim(Y)[1]=283"
[1] "here it is 10"
[1] "Length set is 9 and dim(Y)[1]=283"
[1] "Start Step 3"
[1] "Start estimation of W"
[1] 111.8082
[1] 100 961  10  50
[1] "Threshold: 0.121394170350812"
[1] "864 words were thresholded (89.9063475546306%)"
[1] "97 words remain"
[1] "Start VH"
[1] "here it is 1"
[1] "Length set is 0 and dim(Y)[1]=97"
[1] "here it is 2"
[1] "Length set is 1 and dim(Y)[1]=97"
[1] "here it is 3"
[1] "Length set is 2 and dim(Y)[1]=97"
[1] "here it is 4"
[1] "Length set is 3 and dim(Y)[1]=97"
[1] "here it is 5"
[1] "Length set is 4 and dim(Y)[1]=97"
[1] "here it is 6"
[1] "Length set is 5 and dim(Y)[1]=97"
[1] "here it is 7"
[1] "Length set is 6 and dim(Y)[1]=97"
[1] "here it is 8"
[1] "Length set is 7 and dim(Y)[1]=97"
[1] "here it is 9"
[1] "Length set is 8 and dim(Y)[1]=97"
[1] "here it is 10"
[1] "Length set is 9 and dim(Y)[1]=97"
[1] "Start Step 3"
[1] "Start estimation of W"
[1] 111.8082
[1] 100 961  10  50
[1] "Threshold: 0.242788340701623"
[1] "864 words were thresholded (89.9063475546306%)"
[1] "97 words remain"
[1] "Start VH"
[1] "here it is 1"
[1] "Length set is 0 and dim(Y)[1]=97"
[1] "here it is 2"
[1] "Length set is 1 and dim(Y)[1]=97"
[1] "here it is 3"
[1] "Length set is 2 and dim(Y)[1]=97"
[1] "here it is 4"
[1] "Length set is 3 and dim(Y)[1]=97"
[1] "here it is 5"
[1] "Length set is 4 and dim(Y)[1]=97"
[1] "here it is 6"
[1] "Length set is 5 and dim(Y)[1]=97"
[1] "here it is 7"
[1] "Length set is 6 and dim(Y)[1]=97"
[1] "here it is 8"
[1] "Length set is 7 and dim(Y)[1]=97"
[1] "here it is 9"
[1] "Length set is 8 and dim(Y)[1]=97"
[1] "here it is 10"
[1] "Length set is 9 and dim(Y)[1]=97"
[1] "Start Step 3"
[1] "Start estimation of W"
[1] 111.8082
