Loading required package: NLP
R.matlab v3.7.0 (2022-08-25 21:52:34 UTC) successfully loaded. See ?R.matlab for help.

Attaching package: ‘R.matlab’

The following objects are masked from ‘package:base’:

    getOption, isOpen

Warning: ‘timedatectl’ indicates the non-existent timezone name ‘n/a’
unable to deduce timezone name from ‘America/Chicago’
── Attaching core tidyverse packages ──────────────────────── tidyverse 2.0.0 ──
✔ dplyr     1.1.2     ✔ readr     2.1.4
✔ forcats   1.0.0     ✔ stringr   1.5.0
✔ ggplot2   3.4.2     ✔ tibble    3.2.1
✔ lubridate 1.9.2     ✔ tidyr     1.3.0
✔ purrr     1.0.1     
── Conflicts ────────────────────────────────────────── tidyverse_conflicts() ──
✖ ggplot2::annotate() masks NLP::annotate()
✖ dplyr::filter()     masks stats::filter()
✖ dplyr::lag()        masks stats::lag()
ℹ Use the conflicted package (<http://conflicted.r-lib.org/>) to force all conflicts to become errors

Attaching package: ‘Matrix’

The following object is masked _by_ ‘.GlobalEnv’:

    nearPD

The following objects are masked from ‘package:tidyr’:

    expand, pack, unpack


Attaching package: ‘combinat’

The following object is masked from ‘package:utils’:

    combn

Loading required package: stats4
Loading required package: splines

 *** caught illegal operation ***
address 0x7f2ce47ee738, cause 'illegal operand'

Traceback:
 1: synthetic_dataset_creation(n, K, p, alpha = alpha, n_max_zipf = 50000,     a_zipf = a_zipf, n_anchors = n_anchors, delta_anchor = delta_anchor,     N = N, seed = seed)
 2: run_synthetic_experiment(n, K, p, alpha = 0.5, a_zipf = a_zipf,     n_anchors = n_anchors, delta_anchor = 1, N = N, seed = 100 *         seed + exp_seed, VHMethod = VHMethod)
An irrecoverable exception occurred. R is aborting now ...
/var/spool/slurm/d/job7666393/slurm_script: line 27: 2549730 Illegal instruction     (core dumped) Rscript r/experiments/synthetic/synthetic_experiment.R $SLURM_ARRAY_TASK_ID $result_file $1 $MATLAB_PATH
